   Build using "/opt/Xilinx/Vivado_HLS/2016.1/lnx64/tools/gcc/bin/g++"
   Compiling apatb_matrix_mul.cpp
   Compiling (apcc) matrix_mul.c_pre.c.tb.c
INFO: [HLS 200-10] Running '/opt/Xilinx/Vivado_HLS/2016.1/bin/unwrapped/lnx64.o/apcc'
INFO: [HLS 200-10] For user 'vipinsoni' on host 'hpc16' (Linux_x86_64 version 3.13.0-53-generic) on Tue Feb 20 09:41:45 IST 2018
INFO: [HLS 200-10] On os Ubuntu 14.04.4 LTS
INFO: [HLS 200-10] In directory '/home/vipinsoni/MTP/my_vivado_folder/matrix_mul/matrix_mul_vivado/solution1/sim/wrapc'
clang: warning: argument unused during compilation: '-fno-builtin-isinf'
clang: warning: argument unused during compilation: '-fno-builtin-isnan'
INFO: [APCC 202-3] Tmp directory is /tmp/apcc_db_vipinsoni/75351519099905702498
INFO: [APCC 202-1] APCC is done.
   Compiling (apcc) matrix_mul_initialize.c_pre.c.tb.c
INFO: [HLS 200-10] Running '/opt/Xilinx/Vivado_HLS/2016.1/bin/unwrapped/lnx64.o/apcc'
INFO: [HLS 200-10] For user 'vipinsoni' on host 'hpc16' (Linux_x86_64 version 3.13.0-53-generic) on Tue Feb 20 09:41:46 IST 2018
INFO: [HLS 200-10] On os Ubuntu 14.04.4 LTS
INFO: [HLS 200-10] In directory '/home/vipinsoni/MTP/my_vivado_folder/matrix_mul/matrix_mul_vivado/solution1/sim/wrapc'
clang: warning: argument unused during compilation: '-fno-builtin-isinf'
clang: warning: argument unused during compilation: '-fno-builtin-isnan'
INFO: [APCC 202-3] Tmp directory is /tmp/apcc_db_vipinsoni/75831519099906611029
INFO: [APCC 202-1] APCC is done.
   Compiling (apcc) matrix_mul_tb.c_pre.c.tb.c
INFO: [HLS 200-10] Running '/opt/Xilinx/Vivado_HLS/2016.1/bin/unwrapped/lnx64.o/apcc'
INFO: [HLS 200-10] For user 'vipinsoni' on host 'hpc16' (Linux_x86_64 version 3.13.0-53-generic) on Tue Feb 20 09:41:47 IST 2018
INFO: [HLS 200-10] On os Ubuntu 14.04.4 LTS
INFO: [HLS 200-10] In directory '/home/vipinsoni/MTP/my_vivado_folder/matrix_mul/matrix_mul_vivado/solution1/sim/wrapc'
clang: warning: argument unused during compilation: '-fno-builtin-isinf'
clang: warning: argument unused during compilation: '-fno-builtin-isnan'
INFO: [APCC 202-3] Tmp directory is /tmp/apcc_db_vipinsoni/76311519099907471499
INFO: [APCC 202-1] APCC is done.
   Compiling (apcc) matrix_mul_terminate.c_pre.c.tb.c
INFO: [HLS 200-10] Running '/opt/Xilinx/Vivado_HLS/2016.1/bin/unwrapped/lnx64.o/apcc'
INFO: [HLS 200-10] For user 'vipinsoni' on host 'hpc16' (Linux_x86_64 version 3.13.0-53-generic) on Tue Feb 20 09:41:48 IST 2018
INFO: [HLS 200-10] On os Ubuntu 14.04.4 LTS
INFO: [HLS 200-10] In directory '/home/vipinsoni/MTP/my_vivado_folder/matrix_mul/matrix_mul_vivado/solution1/sim/wrapc'
clang: warning: argument unused during compilation: '-fno-builtin-isinf'
clang: warning: argument unused during compilation: '-fno-builtin-isnan'
INFO: [APCC 202-3] Tmp directory is /tmp/apcc_db_vipinsoni/76791519099908376260
INFO: [APCC 202-1] APCC is done.
   Generating cosim.tv.exe
