INFO: [HLS 200-10] Running '/opt/Xilinx/Vivado_HLS/2016.1/bin/unwrapped/lnx64.o/vivado_hls'
INFO: [HLS 200-10] For user 'vipinsoni' on host 'hpc16' (Linux_x86_64 version 3.13.0-53-generic) on Tue Feb 20 09:44:22 IST 2018
INFO: [HLS 200-10] On os Ubuntu 14.04.4 LTS
INFO: [HLS 200-10] In directory '/home/vipinsoni/MTP/my_vivado_folder/simple_vec_dot_product'
INFO: [HLS 200-10] Opening project '/home/vipinsoni/MTP/my_vivado_folder/simple_vec_dot_product/simple_vec_dot_product_vivado'.
INFO: [HLS 200-10] Opening solution '/home/vipinsoni/MTP/my_vivado_folder/simple_vec_dot_product/simple_vec_dot_product_vivado/solution1'.
INFO: [SYN 201-201] Setting up clock 'default' with a period of 10ns.
WARNING: [HLS 200-40] This current release of Vivado HLS is the last one supporting the following device families including any of their associated derivatives: Virtex-6, Virtex-5, Virtex-4, Spartan-6 and Spartan-3. These families will still be supported in the future but will require this current version of Vivado HLS or a previous one.
INFO: [HLS 200-10] Setting target device to 'xc6vlx240tff1156-1'
INFO: [COSIM 212-47] Using Modelsim for RTL simulation.
INFO: [COSIM 212-14] Instrumenting C test bench ...
   Build using "/opt/Xilinx/Vivado_HLS/2016.1/lnx64/tools/gcc/bin/g++"
   Compiling apatb_simple_vec_dot_product.cpp
   Compiling (apcc) simple_vec_dot_product.c_pre.c.tb.c
INFO: [HLS 200-10] Running '/opt/Xilinx/Vivado_HLS/2016.1/bin/unwrapped/lnx64.o/apcc'
INFO: [HLS 200-10] For user 'vipinsoni' on host 'hpc16' (Linux_x86_64 version 3.13.0-53-generic) on Tue Feb 20 09:44:28 IST 2018
INFO: [HLS 200-10] On os Ubuntu 14.04.4 LTS
INFO: [HLS 200-10] In directory '/home/vipinsoni/MTP/my_vivado_folder/simple_vec_dot_product/simple_vec_dot_product_vivado/solution1/sim/wrapc'
clang: warning: argument unused during compilation: '-fno-builtin-isinf'
clang: warning: argument unused during compilation: '-fno-builtin-isnan'
INFO: [APCC 202-3] Tmp directory is /tmp/apcc_db_vipinsoni/86671519100068268353
INFO: [APCC 202-1] APCC is done.
   Compiling (apcc) simple_vec_dot_product_initialize.c_pre.c.tb.c
INFO: [HLS 200-10] Running '/opt/Xilinx/Vivado_HLS/2016.1/bin/unwrapped/lnx64.o/apcc'
INFO: [HLS 200-10] For user 'vipinsoni' on host 'hpc16' (Linux_x86_64 version 3.13.0-53-generic) on Tue Feb 20 09:44:29 IST 2018
INFO: [HLS 200-10] On os Ubuntu 14.04.4 LTS
INFO: [HLS 200-10] In directory '/home/vipinsoni/MTP/my_vivado_folder/simple_vec_dot_product/simple_vec_dot_product_vivado/solution1/sim/wrapc'
clang: warning: argument unused during compilation: '-fno-builtin-isinf'
clang: warning: argument unused during compilation: '-fno-builtin-isnan'
INFO: [APCC 202-3] Tmp directory is /tmp/apcc_db_vipinsoni/87151519100069169314
INFO: [APCC 202-1] APCC is done.
   Compiling (apcc) simple_vec_dot_product_tb.c_pre.c.tb.c
INFO: [HLS 200-10] Running '/opt/Xilinx/Vivado_HLS/2016.1/bin/unwrapped/lnx64.o/apcc'
INFO: [HLS 200-10] For user 'vipinsoni' on host 'hpc16' (Linux_x86_64 version 3.13.0-53-generic) on Tue Feb 20 09:44:29 IST 2018
INFO: [HLS 200-10] On os Ubuntu 14.04.4 LTS
INFO: [HLS 200-10] In directory '/home/vipinsoni/MTP/my_vivado_folder/simple_vec_dot_product/simple_vec_dot_product_vivado/solution1/sim/wrapc'
clang: warning: argument unused during compilation: '-fno-builtin-isinf'
clang: warning: argument unused during compilation: '-fno-builtin-isnan'
INFO: [APCC 202-3] Tmp directory is /tmp/apcc_db_vipinsoni/87631519100070031555
INFO: [APCC 202-1] APCC is done.
   Compiling (apcc) simple_vec_dot_product_terminate.c_pre.c.tb.c
INFO: [HLS 200-10] Running '/opt/Xilinx/Vivado_HLS/2016.1/bin/unwrapped/lnx64.o/apcc'
INFO: [HLS 200-10] For user 'vipinsoni' on host 'hpc16' (Linux_x86_64 version 3.13.0-53-generic) on Tue Feb 20 09:44:30 IST 2018
INFO: [HLS 200-10] On os Ubuntu 14.04.4 LTS
INFO: [HLS 200-10] In directory '/home/vipinsoni/MTP/my_vivado_folder/simple_vec_dot_product/simple_vec_dot_product_vivado/solution1/sim/wrapc'
clang: warning: argument unused during compilation: '-fno-builtin-isinf'
clang: warning: argument unused during compilation: '-fno-builtin-isnan'
INFO: [APCC 202-3] Tmp directory is /tmp/apcc_db_vipinsoni/88111519100070937365
INFO: [APCC 202-1] APCC is done.
   Generating cosim.tv.exe
INFO: [COSIM 212-302] Starting C TB testing ... 
18
28
40
45
result are good 
INFO: [COSIM 212-333] Generating C post check test bench ...
INFO: [COSIM 212-12] Generating RTL test bench ...
INFO: [COSIM 212-1] *** C/RTL co-simulation file generate finished: PASS ***
