@I [HLS-0] Workspace /home/vipinsoni/MTP/my_vivado_folder/matrix_mul/matrix_mul_vivado/solution1 opened at Tue Feb 20 09:41:40 IST 2018
@I [HLS-100] Command "config_clock -quiet -name default -period 10 -default=false "
@I [SYN-201] Setting up clock 'default' with a period of 10ns.
@I [HLS-100] Command 'config_clock' returned 0; elapsed 0.000124Total elapsed time: 0.290 sec.
@I [HLS-100] Command "open_platform DefaultPlatform "
@I [HLS-100] Command 'open_platform' returned 0; elapsed 3.6e-05Total elapsed time: 0.291 sec.
@I [HLS-100] Command "import_lib /opt/Xilinx/Vivado_HLS/2016.1/common/technology/xilinx/virtex6/virtex6 "
@I [HLS-100] Command "source /opt/Xilinx/Vivado_HLS/2016.1/common/technology/xilinx/common/xilinx.lib "
@I [HLS-100] Command "source /opt/Xilinx/Vivado_HLS/2016.1/common/technology/xilinx/interface/xilinx_interface.lib "
@I [HLS-100] Command "source /opt/Xilinx/Vivado_HLS/2016.1/common/technology/xilinx/interface/plb46.lib "
@I [HLS-100] Command 'ap_source' returned 0; elapsed 0.000295Total elapsed time: 0.292 sec.
@I [HLS-100] Command "source /opt/Xilinx/Vivado_HLS/2016.1/common/technology/xilinx/interface/fsl.lib "
@I [HLS-100] Command 'ap_source' returned 0; elapsed 0.000145Total elapsed time: 0.292 sec.
@I [HLS-100] Command "source /opt/Xilinx/Vivado_HLS/2016.1/common/technology/xilinx/interface/axi4.lib "
@I [HLS-100] Command 'ap_source' returned 0; elapsed 0.00021Total elapsed time: 0.292 sec.
@I [HLS-100] Command "source /opt/Xilinx/Vivado_HLS/2016.1/common/technology/xilinx/interface/maxi.lib "
@I [HLS-100] Command 'ap_source' returned 0; elapsed 0.000178Total elapsed time: 0.293 sec.
@I [HLS-100] Command "source /opt/Xilinx/Vivado_HLS/2016.1/common/technology/xilinx/interface/saxilite.lib "
@I [HLS-100] Command 'ap_source' returned 0; elapsed 0.000124Total elapsed time: 0.293 sec.
@I [HLS-100] Command 'ap_source' returned 0; elapsed 0.001763Total elapsed time: 0.293 sec.
@I [HLS-100] Command "source /opt/Xilinx/Vivado_HLS/2016.1/common/technology/xilinx/common/dsp48.lib "
@I [HLS-100] Command 'ap_source' returned 0; elapsed 0.000128Total elapsed time: 0.293 sec.
@I [HLS-100] Command "source /opt/Xilinx/Vivado_HLS/2016.1/common/technology/xilinx/ip/xfir.lib "
@I [HLS-100] Command 'ap_source' returned 0; elapsed 9.4e-05Total elapsed time: 0.294 sec.
@I [HLS-100] Command "source /opt/Xilinx/Vivado_HLS/2016.1/common/technology/xilinx/ip/dds_compiler.lib "
@I [HLS-100] Command 'ap_source' returned 0; elapsed 8.5e-05Total elapsed time: 0.294 sec.
@I [HLS-100] Command "source /opt/Xilinx/Vivado_HLS/2016.1/common/technology/xilinx/ip/xfft.lib "
@I [HLS-100] Command 'ap_source' returned 0; elapsed 8.4e-05Total elapsed time: 0.294 sec.
@I [HLS-100] Command 'ap_source' returned 0; elapsed 0.005151Total elapsed time: 0.296 sec.
@I [HLS-100] Command "source /opt/Xilinx/Vivado_HLS/2016.1/common/technology/xilinx/common/xilinx_old.lib "
@I [HLS-100] Command 'ap_source' returned 0; elapsed 0.000722Total elapsed time: 0.298 sec.
@I [HLS-100] Command "source /opt/Xilinx/Vivado_HLS/2016.1/common/technology/xilinx/common/xilinx.hlp "
@I [HLS-100] Command "source /opt/Xilinx/Vivado_HLS/2016.1/common/technology/xilinx/common/target_info.tcl "
@I [HLS-100] Command 'ap_source' returned 0; elapsed 0.000128Total elapsed time: 0.301 sec.
@I [HLS-100] Command "source /opt/Xilinx/Vivado_HLS/2016.1/common/technology/xilinx/interface/xilinx_interface.hlp "
@I [HLS-100] Command "source /opt/Xilinx/Vivado_HLS/2016.1/common/technology/xilinx/interface/maxi.hlp "
@I [HLS-100] Command 'ap_source' returned 0; elapsed 0.000127Total elapsed time: 0.302 sec.
@I [HLS-100] Command "source /opt/Xilinx/Vivado_HLS/2016.1/common/technology/xilinx/interface/saxilite.hlp "
@I [HLS-100] Command 'ap_source' returned 0; elapsed 9.8e-05Total elapsed time: 0.302 sec.
@I [HLS-100] Command 'ap_source' returned 0; elapsed 0.000563Total elapsed time: 0.302 sec.
@I [HLS-100] Command "source /opt/Xilinx/Vivado_HLS/2016.1/common/technology/xilinx/common/dsp48.hlp "
@I [HLS-100] Command 'ap_source' returned 0; elapsed 0.000593Total elapsed time: 0.303 sec.
@I [HLS-100] Command 'ap_source' returned 0; elapsed 0.002716Total elapsed time: 0.303 sec.
@I [HLS-100] Command "source /opt/Xilinx/Vivado_HLS/2016.1/common/technology/xilinx/virtex6/dsp48e1.hlp "
@I [HLS-100] Command 'ap_source' returned 0; elapsed 9.4e-05Total elapsed time: 0.304 sec.
@I [HLS-100] Command "get_default_platform "
@I [HLS-100] Command 'get_default_platform' returned 0; elapsed 6e-06Total elapsed time: 0.304 sec.
@I [HLS-100] Command "config_chip_info -quiet -resource  {SLICE 37680} {LUT 150720} {FF 301440} {DSP48E 768} {BRAM 832}  "
@I [HLS-100] Command 'config_chip_info' returned 0; elapsed 1.5e-05Total elapsed time: 0.304 sec.
@I [HLS-100] Command "config_chip_info -quiet -speed medium "
@I [HLS-100] Command 'config_chip_info' returned 0; elapsed 6e-06Total elapsed time: 0.304 sec.
@I [HLS-100] Command 'import_lib' returned 0; elapsed 0.014902Total elapsed time: 0.306 sec.
@I [HLS-100] Command "source /opt/Xilinx/Vivado_HLS/2016.1/common/technology/xilinx/virtex6/virtex6.gen "
@I [HLS-100] Command "source /opt/Xilinx/Vivado_HLS/2016.1/common/technology/xilinx/common/virtex.gen "
@I [HLS-100] Command "source /opt/Xilinx/Vivado_HLS/2016.1/common/technology/xilinx/common/xilinx.gen "
@I [HLS-100] Command "source /opt/Xilinx/Vivado_HLS/2016.1/common/technology/xilinx/interface/plb46.gen "
@I [HLS-100] Command 'ap_source' returned 0; elapsed 0.001115Total elapsed time: 0.308 sec.
@I [HLS-100] Command "source /opt/Xilinx/Vivado_HLS/2016.1/common/technology/xilinx/interface/fsl.gen "
@I [HLS-100] Command 'ap_source' returned 0; elapsed 0.000409Total elapsed time: 0.308 sec.
@I [HLS-100] Command "source /opt/Xilinx/Vivado_HLS/2016.1/common/technology/xilinx/interface/axi4.gen "
@I [HLS-100] Command 'ap_source' returned 0; elapsed 0.001941Total elapsed time: 0.310 sec.
@I [HLS-100] Command "source /opt/Xilinx/Vivado_HLS/2016.1/common/technology/xilinx/interface/nativeAXI4.gen "
@I [HLS-100] Command "source /opt/Xilinx/Vivado_HLS/2016.1/common/technology/xilinx/interface/saxilite.gen "
@I [HLS-100] Command 'ap_source' returned 0; elapsed 0.003562Total elapsed time: 0.314 sec.
@I [HLS-100] Command "source /opt/Xilinx/Vivado_HLS/2016.1/common/technology/xilinx/interface/maxi.gen "
@I [HLS-100] Command 'ap_source' returned 0; elapsed 0.00754Total elapsed time: 0.322 sec.
@I [HLS-100] Command 'ap_source' returned 0; elapsed 0.01148Total elapsed time: 0.322 sec.
@I [HLS-100] Command "source /opt/Xilinx/Vivado_HLS/2016.1/common/technology/xilinx/scripts/xilinxcoregen.gen "
@I [HLS-100] Command 'ap_source' returned 0; elapsed 0.00956Total elapsed time: 0.332 sec.
@I [HLS-100] Command "source /opt/Xilinx/Vivado_HLS/2016.1/common/technology/xilinx/interface/XilEDKCoreGen.gen "
@I [HLS-100] Command 'ap_source' returned 0; elapsed 0.007807Total elapsed time: 0.340 sec.
@I [HLS-100] Command "source /opt/Xilinx/Vivado_HLS/2016.1/common/technology/xilinx/ip/xfft.gen "
@I [HLS-100] Command 'ap_source' returned 0; elapsed 0.120578Total elapsed time: 0.461 sec.
@I [HLS-100] Command "source /opt/Xilinx/Vivado_HLS/2016.1/common/technology/xilinx/ip/util.gen "
@I [HLS-100] Command 'ap_source' returned 0; elapsed 0.000186Total elapsed time: 0.461 sec.
@I [HLS-100] Command "source /opt/Xilinx/Vivado_HLS/2016.1/common/technology/xilinx/ip/xfir.gen "
@I [HLS-100] Command 'ap_source' returned 0; elapsed 0.000671Total elapsed time: 0.462 sec.
@I [HLS-100] Command "source /opt/Xilinx/Vivado_HLS/2016.1/common/technology/xilinx/ip/dds_compiler.gen "
@I [HLS-100] Command 'ap_source' returned 0; elapsed 0.003274Total elapsed time: 0.465 sec.
@I [HLS-100] Command 'ap_source' returned 0; elapsed 0.158803Total elapsed time: 0.465 sec.
@I [HLS-100] Command "source /opt/Xilinx/Vivado_HLS/2016.1/common/technology/xilinx/common/dsp48.gen "
@I [HLS-100] Command 'ap_source' returned 0; elapsed 0.000136Total elapsed time: 0.467 sec.
@I [HLS-100] Command 'ap_source' returned 0; elapsed 0.161221Total elapsed time: 0.467 sec.
@I [HLS-100] Command 'ap_source' returned 0; elapsed 0.161454Total elapsed time: 0.468 sec.
@I [HLS-100] Command "set_part xc6vlx240tff1156-1 "
@W [HLS-40] This current release of Vivado HLS is the last one supporting the following device families including any of their associated derivatives: Virtex-6, Virtex-5, Virtex-4, Spartan-6 and Spartan-3. These families will still be supported in the future but will require this current version of Vivado HLS or a previous one.
@I [HLS-100] Command "add_library xilinx/virtex6/virtex6:xc6vlx240t:ff1156:-1 "
@I [HLS-100] Command "get_default_platform "
@I [HLS-100] Command 'get_default_platform' returned 0; elapsed 5e-06Total elapsed time: 0.471 sec.
@I [HLS-100] Command "get_default_platform "
@I [HLS-100] Command 'get_default_platform' returned 0; elapsed 4e-06Total elapsed time: 0.472 sec.
@I [HLS-100] Command "config_chip_info -quiet -resource  {SLICE 37680} {LUT 150720} {FF 301440} {DSP48E 768} {BRAM 832}  "
@I [HLS-100] Command 'config_chip_info' returned 0; elapsed 1.3e-05Total elapsed time: 0.472 sec.
@I [HLS-100] Command "config_chip_info -quiet -speed slow "
@I [HLS-100] Command 'config_chip_info' returned 0; elapsed 6e-06Total elapsed time: 0.472 sec.
@I [HLS-100] Command 'add_library' returned 0; elapsed 0.002708Total elapsed time: 0.473 sec.
@I [HLS-100] Command "add_library xilinx/virtex6/virtex6_fpv6 "
@I [HLS-100] Command "get_default_platform "
@I [HLS-100] Command 'get_default_platform' returned 0; elapsed 4e-06Total elapsed time: 0.474 sec.
@I [HLS-100] Command "open_platform DefaultPlatform "
@I [HLS-100] Command 'open_platform' returned 0; elapsed 6e-06Total elapsed time: 0.474 sec.
@I [HLS-100] Command "import_lib /opt/Xilinx/Vivado_HLS/2016.1/common/technology/xilinx/virtex6/virtex6_fpv6 "
@I [HLS-100] Command "source /opt/Xilinx/Vivado_HLS/2016.1/common/technology/xilinx/common/xilinx_fpv6_old.lib "
@I [HLS-100] Command "source /opt/Xilinx/Vivado_HLS/2016.1/common/technology/xilinx/common/xilinx_fpv6.lib "
@I [HLS-100] Command 'ap_source' returned 0; elapsed 0.001145Total elapsed time: 0.476 sec.
@I [HLS-100] Command 'ap_source' returned 0; elapsed 0.0028Total elapsed time: 0.477 sec.
@I [HLS-100] Command 'import_lib' returned 0; elapsed 0.012133Total elapsed time: 0.487 sec.
@I [HLS-100] Command "source /opt/Xilinx/Vivado_HLS/2016.1/common/technology/xilinx/virtex6/virtex6_fpv6.gen "
@I [HLS-100] Command "source /opt/Xilinx/Vivado_HLS/2016.1/common/technology/xilinx/common/xilinx_fpv6.gen "
@I [HLS-100] Command 'ap_source' returned 0; elapsed 0.001556Total elapsed time: 0.489 sec.
@I [HLS-100] Command 'ap_source' returned 0; elapsed 0.001812Total elapsed time: 0.489 sec.
@I [HLS-100] Command 'add_library' returned 0; elapsed 0.016178Total elapsed time: 0.490 sec.
@I [HLS-10] Setting target device to 'xc6vlx240tff1156-1'
@I [HLS-100] Command 'set_part' returned 0; elapsed 0.021762Total elapsed time: 0.490 sec.
@I [HLS-100] Command "get_default_platform "
@I [HLS-100] Command 'get_default_platform' returned 0; elapsed 5e-06Total elapsed time: 0.490 sec.
@I [HLS-100] Command "config_chip_info -quiet -resource  {SLICE 37680} {LUT 150720} {FF 301440} {DSP48E 768} {BRAM 832}  "
@I [HLS-100] Command 'config_chip_info' returned 0; elapsed 1.4e-05Total elapsed time: 0.490 sec.
@I [HLS-100] Command "config_chip_info -quiet -speed slow "
@I [HLS-100] Command 'config_chip_info' returned 0; elapsed 6e-06Total elapsed time: 0.490 sec.
@I [HLS-100] Command 'open_solution' returned 0; elapsed 0.205804Total elapsed time: 0.491 sec.
@I [HLS-100] Command "cosim_design -trace_level all -rtl vhdl -tool modelsim "
@I [HLS-100] Command "source /home/vipinsoni/MTP/my_vivado_folder/matrix_mul/matrix_mul_vivado/solution1/.autopilot/db/global.setting.tcl "
@I [HLS-100] Command 'ap_source' returned 0; elapsed 0.000166Total elapsed time: 0.492 sec.
@I [HLS-100] Command "source /home/vipinsoni/MTP/my_vivado_folder/matrix_mul/matrix_mul_vivado/solution1/.autopilot/db/global.setting.tcl "
@I [HLS-100] Command 'ap_source' returned 0; elapsed 0.000177Total elapsed time: 0.499 sec.
@I [HLS-100] Command "source /home/vipinsoni/MTP/my_vivado_folder/matrix_mul/matrix_mul_vivado/solution1/.autopilot/db/global.setting.tcl "
@I [HLS-100] Command 'ap_source' returned 0; elapsed 0.000195Total elapsed time: 0.512 sec.
@I [HLS-100] Command "source /opt/Xilinx/Vivado_HLS/2016.1/common/technology/generic/autopilot/common.gen "
@I [HLS-100] Command "source /opt/Xilinx/Vivado_HLS/2016.1/common/technology/generic/autopilot/APCoreGen.gen "
@I [HLS-100] Command 'ap_source' returned 0; elapsed 0.000571Total elapsed time: 0.513 sec.
@I [HLS-100] Command 'ap_source' returned 0; elapsed 0.001204Total elapsed time: 0.514 sec.
@I [HLS-100] Command "source /opt/Xilinx/Vivado_HLS/2016.1/common/technology/generic/autopilot/op.gen "
@I [HLS-100] Command 'ap_source' returned 0; elapsed 0.000304Total elapsed time: 0.514 sec.
@I [HLS-100] Command "source /opt/Xilinx/Vivado_HLS/2016.1/common/technology/generic/autopilot/op_simcore.gen "
@I [HLS-100] Command 'ap_source' returned 0; elapsed 0.000898Total elapsed time: 0.515 sec.
@I [HLS-100] Command "source /opt/Xilinx/Vivado_HLS/2016.1/common/technology/generic/autopilot/interface.gen "
@I [HLS-100] Command 'ap_source' returned 0; elapsed 8.1e-05Total elapsed time: 0.516 sec.
@I [HLS-100] Command "source /home/vipinsoni/MTP/my_vivado_folder/matrix_mul/matrix_mul_vivado/solution1/.autopilot/db/global.setting.tcl "
@I [HLS-100] Command 'ap_source' returned 0; elapsed 0.000152Total elapsed time: 0.516 sec.
@I [HLS-100] Command "source /opt/Xilinx/Vivado_HLS/2016.1/common/technology/xilinx/virtex6/virtex6.gen "
@I [HLS-100] Command "source /opt/Xilinx/Vivado_HLS/2016.1/common/technology/xilinx/common/virtex.gen "
@I [HLS-100] Command "source /opt/Xilinx/Vivado_HLS/2016.1/common/technology/xilinx/common/xilinx.gen "
@I [HLS-100] Command "source /opt/Xilinx/Vivado_HLS/2016.1/common/technology/xilinx/interface/plb46.gen "
@I [HLS-100] Command 'ap_source' returned 0; elapsed 0.001163Total elapsed time: 0.518 sec.
@I [HLS-100] Command "source /opt/Xilinx/Vivado_HLS/2016.1/common/technology/xilinx/interface/fsl.gen "
@I [HLS-100] Command 'ap_source' returned 0; elapsed 0.000446Total elapsed time: 0.518 sec.
@I [HLS-100] Command "source /opt/Xilinx/Vivado_HLS/2016.1/common/technology/xilinx/interface/axi4.gen "
@I [HLS-100] Command 'ap_source' returned 0; elapsed 0.002087Total elapsed time: 0.521 sec.
@I [HLS-100] Command "source /opt/Xilinx/Vivado_HLS/2016.1/common/technology/xilinx/interface/nativeAXI4.gen "
@I [HLS-100] Command "source /opt/Xilinx/Vivado_HLS/2016.1/common/technology/xilinx/interface/saxilite.gen "
@I [HLS-100] Command 'ap_source' returned 0; elapsed 0.00366Total elapsed time: 0.524 sec.
@I [HLS-100] Command "source /opt/Xilinx/Vivado_HLS/2016.1/common/technology/xilinx/interface/maxi.gen "
@I [HLS-100] Command 'ap_source' returned 0; elapsed 0.007673Total elapsed time: 0.532 sec.
@I [HLS-100] Command 'ap_source' returned 0; elapsed 0.011687Total elapsed time: 0.532 sec.
@I [HLS-100] Command "source /opt/Xilinx/Vivado_HLS/2016.1/common/technology/xilinx/scripts/xilinxcoregen.gen "
@I [HLS-100] Command 'ap_source' returned 0; elapsed 0.010322Total elapsed time: 0.543 sec.
@I [HLS-100] Command "source /opt/Xilinx/Vivado_HLS/2016.1/common/technology/xilinx/interface/XilEDKCoreGen.gen "
@I [HLS-100] Command 'ap_source' returned 0; elapsed 0.00789Total elapsed time: 0.551 sec.
@I [HLS-100] Command "source /opt/Xilinx/Vivado_HLS/2016.1/common/technology/xilinx/ip/xfft.gen "
@I [HLS-100] Command 'ap_source' returned 0; elapsed 0.109029Total elapsed time: 0.660 sec.
@I [HLS-100] Command "source /opt/Xilinx/Vivado_HLS/2016.1/common/technology/xilinx/ip/util.gen "
@I [HLS-100] Command 'ap_source' returned 0; elapsed 0.000186Total elapsed time: 0.661 sec.
@I [HLS-100] Command "source /opt/Xilinx/Vivado_HLS/2016.1/common/technology/xilinx/ip/xfir.gen "
@I [HLS-100] Command 'ap_source' returned 0; elapsed 0.000692Total elapsed time: 0.661 sec.
@I [HLS-100] Command "source /opt/Xilinx/Vivado_HLS/2016.1/common/technology/xilinx/ip/dds_compiler.gen "
@I [HLS-100] Command 'ap_source' returned 0; elapsed 0.003399Total elapsed time: 0.665 sec.
@I [HLS-100] Command 'ap_source' returned 0; elapsed 0.148453Total elapsed time: 0.665 sec.
@I [HLS-100] Command "source /opt/Xilinx/Vivado_HLS/2016.1/common/technology/xilinx/common/dsp48.gen "
@I [HLS-100] Command 'ap_source' returned 0; elapsed 0.000137Total elapsed time: 0.667 sec.
@I [HLS-100] Command 'ap_source' returned 0; elapsed 0.150853Total elapsed time: 0.667 sec.
@I [HLS-100] Command 'ap_source' returned 0; elapsed 0.151056Total elapsed time: 0.667 sec.
@I [HLS-100] Command "source /opt/Xilinx/Vivado_HLS/2016.1/common/technology/xilinx/virtex6/virtex6_fpv6.gen "
@I [HLS-100] Command "source /opt/Xilinx/Vivado_HLS/2016.1/common/technology/xilinx/common/xilinx_fpv6.gen "
@I [HLS-100] Command 'ap_source' returned 0; elapsed 0.001629Total elapsed time: 0.669 sec.
@I [HLS-100] Command 'ap_source' returned 0; elapsed 0.001837Total elapsed time: 0.669 sec.
@I [HLS-100] Command "source /home/vipinsoni/MTP/my_vivado_folder/matrix_mul/matrix_mul_vivado/solution1/.autopilot/db/global.setting.tcl "
@I [HLS-100] Command 'ap_source' returned 0; elapsed 0.000156Total elapsed time: 0.670 sec.
@I [HLS-100] Command "source /home/vipinsoni/MTP/my_vivado_folder/matrix_mul/matrix_mul_vivado/solution1/.autopilot/db/matrix_mul.rtl_wrap.cfg.tcl "
@I [HLS-100] Command 'ap_source' returned 0; elapsed 0.000182Total elapsed time: 0.671 sec.
@I [HLS-100] Command "source /home/vipinsoni/MTP/my_vivado_folder/matrix_mul/matrix_mul_vivado/solution1/.autopilot/db/matrix_mul.tbgen.tcl "
@I [HLS-100] Command 'ap_source' returned 0; elapsed 0.000146Total elapsed time: 0.671 sec.
@I [HLS-100] Command "is_encrypted /home/vipinsoni/MTP/my_vivado_folder/matrix_mul/matrix_mul_tb.c "
@I [HLS-100] Command 'is_encrypted' returned 0; elapsed 4.9e-05Total elapsed time: 0.680 sec.
@I [HLS-100] Command "is_encrypted /home/vipinsoni/MTP/my_vivado_folder/matrix_mul/buildInfo.mat "
@I [HLS-100] Command 'is_encrypted' returned 0; elapsed 2.8e-05Total elapsed time: 0.680 sec.
@I [HLS-100] Command "is_encrypted /home/vipinsoni/MTP/my_vivado_folder/matrix_mul/codeInfo.mat "
@I [HLS-100] Command 'is_encrypted' returned 0; elapsed 2.6e-05Total elapsed time: 0.680 sec.
@I [HLS-100] Command "is_encrypted /home/vipinsoni/MTP/my_vivado_folder/matrix_mul/matrix_mul.a "
@I [HLS-100] Command 'is_encrypted' returned 0; elapsed 2.5e-05Total elapsed time: 0.680 sec.
@I [HLS-100] Command "is_encrypted /home/vipinsoni/MTP/my_vivado_folder/matrix_mul/matrix_mul.c "
@I [HLS-100] Command 'is_encrypted' returned 0; elapsed 2.4e-05Total elapsed time: 0.680 sec.
@I [HLS-100] Command "is_encrypted /home/vipinsoni/MTP/my_vivado_folder/matrix_mul/matrix_mul.h "
@I [HLS-100] Command 'is_encrypted' returned 0; elapsed 2.5e-05Total elapsed time: 0.680 sec.
@I [HLS-100] Command "is_encrypted /home/vipinsoni/MTP/my_vivado_folder/matrix_mul/matrix_mul.o "
@I [HLS-100] Command 'is_encrypted' returned 0; elapsed 2.4e-05Total elapsed time: 0.681 sec.
@I [HLS-100] Command "is_encrypted /home/vipinsoni/MTP/my_vivado_folder/matrix_mul/matrix_mul_initialize.c "
@I [HLS-100] Command 'is_encrypted' returned 0; elapsed 2.6e-05Total elapsed time: 0.681 sec.
@I [HLS-100] Command "is_encrypted /home/vipinsoni/MTP/my_vivado_folder/matrix_mul/matrix_mul_initialize.h "
@I [HLS-100] Command 'is_encrypted' returned 0; elapsed 2.5e-05Total elapsed time: 0.681 sec.
@I [HLS-100] Command "is_encrypted /home/vipinsoni/MTP/my_vivado_folder/matrix_mul/matrix_mul_initialize.o "
@I [HLS-100] Command 'is_encrypted' returned 0; elapsed 2.6e-05Total elapsed time: 0.681 sec.
@I [HLS-100] Command "is_encrypted /home/vipinsoni/MTP/my_vivado_folder/matrix_mul/matrix_mul_ref.rsp "
@I [HLS-100] Command 'is_encrypted' returned 0; elapsed 2.3e-05Total elapsed time: 0.681 sec.
@I [HLS-100] Command "is_encrypted /home/vipinsoni/MTP/my_vivado_folder/matrix_mul/matrix_mul_rtw.mk "
@I [HLS-100] Command 'is_encrypted' returned 0; elapsed 2.7e-05Total elapsed time: 0.681 sec.
@I [HLS-100] Command "is_encrypted /home/vipinsoni/MTP/my_vivado_folder/matrix_mul/matrix_mul_terminate.c "
@I [HLS-100] Command 'is_encrypted' returned 0; elapsed 2.5e-05Total elapsed time: 0.682 sec.
@I [HLS-100] Command "is_encrypted /home/vipinsoni/MTP/my_vivado_folder/matrix_mul/matrix_mul_terminate.h "
@I [HLS-100] Command 'is_encrypted' returned 0; elapsed 2.5e-05Total elapsed time: 0.682 sec.
@I [HLS-100] Command "is_encrypted /home/vipinsoni/MTP/my_vivado_folder/matrix_mul/matrix_mul_terminate.o "
@I [HLS-100] Command 'is_encrypted' returned 0; elapsed 2.5e-05Total elapsed time: 0.682 sec.
@I [HLS-100] Command "is_encrypted /home/vipinsoni/MTP/my_vivado_folder/matrix_mul/matrix_mul_types.h "
@I [HLS-100] Command 'is_encrypted' returned 0; elapsed 2.5e-05Total elapsed time: 0.682 sec.
@I [HLS-100] Command "is_encrypted /home/vipinsoni/MTP/my_vivado_folder/matrix_mul/rtw_proj.tmw "
@I [HLS-100] Command 'is_encrypted' returned 0; elapsed 2.4e-05Total elapsed time: 0.682 sec.
@I [HLS-100] Command "is_encrypted /home/vipinsoni/MTP/my_vivado_folder/matrix_mul/rtwtypes.h "
@I [HLS-100] Command 'is_encrypted' returned 0; elapsed 2.6e-05Total elapsed time: 0.682 sec.
@I [HLS-100] Command "source /home/vipinsoni/MTP/my_vivado_folder/matrix_mul/matrix_mul_vivado/solution1/.autopilot/db/matrix_mul.tbgen.tcl "
@I [HLS-100] Command 'ap_source' returned 0; elapsed 0.000151Total elapsed time: 0.683 sec.
@I [HLS-100] Command "source /home/vipinsoni/MTP/my_vivado_folder/matrix_mul/matrix_mul_vivado/solution1/.autopilot/db/matrix_mul.tbgen.tcl "
@I [HLS-100] Command 'ap_source' returned 0; elapsed 0.000143Total elapsed time: 0.683 sec.
@I [COSIM-47] Using Modelsim for RTL simulation.
@I [COSIM-14] Instrumenting C test bench ...
@I [HLS-100] Command "source /home/vipinsoni/MTP/my_vivado_folder/matrix_mul/matrix_mul_vivado/solution1/.autopilot/db/matrix_mul.rtl_wrap.cfg.tcl "
@I [HLS-100] Command 'ap_source' returned 0; elapsed 0.000184Total elapsed time: 0.691 sec.
@I [HLS-100] Command "source /home/vipinsoni/MTP/my_vivado_folder/matrix_mul/matrix_mul_vivado/solution1/.autopilot/db/matrix_mul.rtl_wrap.cfg.tcl "
@I [HLS-100] Command 'ap_source' returned 0; elapsed 0.000179Total elapsed time: 0.692 sec.
@I [HLS-100] Command "source /home/vipinsoni/MTP/my_vivado_folder/matrix_mul/matrix_mul_vivado/solution1/.autopilot/db/matrix_mul.rtl_wrap.cfg.tcl "
@I [HLS-100] Command 'ap_source' returned 0; elapsed 0.000185Total elapsed time: 0.693 sec.
@I [HLS-100] Command "source /home/vipinsoni/MTP/my_vivado_folder/matrix_mul/matrix_mul_vivado/solution1/.autopilot/db/matrix_mul.tbgen.tcl "
@I [HLS-100] Command 'ap_source' returned 0; elapsed 0.000151Total elapsed time: 0.693 sec.
@I [HLS-100] Command "source /home/vipinsoni/MTP/my_vivado_folder/matrix_mul/matrix_mul_vivado/solution1/.autopilot/db/matrix_mul.tbgen.tcl "
@I [HLS-100] Command 'ap_source' returned 0; elapsed 0.000147Total elapsed time: 0.693 sec.
@I [HLS-0] Marker-Pragma convertor: /home/vipinsoni/MTP/my_vivado_folder/matrix_mul/matrix_mul_vivado/solution1/./sim/autowrap/testbench/matrix_mul_tb.c_pre.c /home/vipinsoni/MTP/my_vivado_folder/matrix_mul/matrix_mul_vivado/solution1/./sim/autowrap/testbench/matrix_mul_tb.c_pre.c.line.c ./sim/autowrap/testbench/line.tmp 1
@I [HLS-0] Marker-Pragma convertor: ./sim/autowrap/testbench/matrix_mul_tb.c_pre.c.tb.c.line ./sim/autowrap/testbench/matrix_mul_tb.c_pre.c.tb.c ./sim/autowrap/testbench/line.tmp 0
@I [HLS-0] Marker-Pragma convertor: /home/vipinsoni/MTP/my_vivado_folder/matrix_mul/matrix_mul_vivado/solution1/./sim/autowrap/testbench/matrix_mul.c_pre.c /home/vipinsoni/MTP/my_vivado_folder/matrix_mul/matrix_mul_vivado/solution1/./sim/autowrap/testbench/matrix_mul.c_pre.c.line.c ./sim/autowrap/testbench/line.tmp 1
@I [HLS-0] Marker-Pragma convertor: ./sim/autowrap/testbench/matrix_mul.c_pre.c.tb.c.line ./sim/autowrap/testbench/matrix_mul.c_pre.c.tb.c ./sim/autowrap/testbench/line.tmp 0
@I [HLS-0] Marker-Pragma convertor: /home/vipinsoni/MTP/my_vivado_folder/matrix_mul/matrix_mul_vivado/solution1/./sim/autowrap/testbench/matrix_mul_initialize.c_pre.c /home/vipinsoni/MTP/my_vivado_folder/matrix_mul/matrix_mul_vivado/solution1/./sim/autowrap/testbench/matrix_mul_initialize.c_pre.c.line.c ./sim/autowrap/testbench/line.tmp 1
@I [HLS-0] Marker-Pragma convertor: ./sim/autowrap/testbench/matrix_mul_initialize.c_pre.c.tb.c.line ./sim/autowrap/testbench/matrix_mul_initialize.c_pre.c.tb.c ./sim/autowrap/testbench/line.tmp 0
@I [HLS-0] Marker-Pragma convertor: /home/vipinsoni/MTP/my_vivado_folder/matrix_mul/matrix_mul_vivado/solution1/./sim/autowrap/testbench/matrix_mul_terminate.c_pre.c /home/vipinsoni/MTP/my_vivado_folder/matrix_mul/matrix_mul_vivado/solution1/./sim/autowrap/testbench/matrix_mul_terminate.c_pre.c.line.c ./sim/autowrap/testbench/line.tmp 1
@I [HLS-0] Marker-Pragma convertor: ./sim/autowrap/testbench/matrix_mul_terminate.c_pre.c.tb.c.line ./sim/autowrap/testbench/matrix_mul_terminate.c_pre.c.tb.c ./sim/autowrap/testbench/line.tmp 0
@I [HLS-100] Command "source /home/vipinsoni/MTP/my_vivado_folder/matrix_mul/matrix_mul_vivado/solution1/.autopilot/db/matrix_mul.rtl_wrap.cfg.tcl "
@I [HLS-100] Command 'ap_source' returned 0; elapsed 0.000211Total elapsed time: 3.139 sec.
@I [HLS-100] Command "source .run_sim.tcl "
@I [COSIM-302] Starting C TB testing ... 
@I [HLS-100] Command 'ap_source' returned 0; elapsed 0.005556Total elapsed time: 8.743 sec.
@I [COSIM-333] Generating C post check test bench ...
@I [HLS-100] Command "source /home/vipinsoni/MTP/my_vivado_folder/matrix_mul/matrix_mul_vivado/solution1/.autopilot/db/matrix_mul.rtl_wrap.cfg.tcl "
@I [HLS-100] Command 'ap_source' returned 0; elapsed 0.000216Total elapsed time: 8.750 sec.
@I [COSIM-12] Generating RTL test bench ...
@I [HLS-100] Command "source /home/vipinsoni/MTP/my_vivado_folder/matrix_mul/matrix_mul_vivado/solution1/.autopilot/db/matrix_mul.tbgen.tcl "
@I [HLS-100] Command 'ap_source' returned 0; elapsed 0.000175Total elapsed time: 8.756 sec.
@I [HLS-100] Command "source /home/vipinsoni/MTP/my_vivado_folder/matrix_mul/matrix_mul_vivado/solution1/.autopilot/db/matrix_mul.tbgen.tcl "
@I [HLS-100] Command 'ap_source' returned 0; elapsed 0.000158Total elapsed time: 8.757 sec.
@I [HLS-100] Command "source /home/vipinsoni/MTP/my_vivado_folder/matrix_mul/matrix_mul_vivado/solution1/.autopilot/db/matrix_mul.tbgen.tcl "
@I [HLS-100] Command 'ap_source' returned 0; elapsed 0.000146Total elapsed time: 8.757 sec.
@I [HLS-100] Command "source /home/vipinsoni/MTP/my_vivado_folder/matrix_mul/matrix_mul_vivado/solution1/.autopilot/db/matrix_mul.tbgen.tcl "
@I [HLS-100] Command 'ap_source' returned 0; elapsed 0.000141Total elapsed time: 8.757 sec.
@I [HLS-100] Command "source ../tv/cdatafile/ref.tcl "
@I [HLS-100] Command 'ap_source' returned 0; elapsed 7.2e-05Total elapsed time: 8.758 sec.
@I [HLS-100] Command "source /home/vipinsoni/MTP/my_vivado_folder/matrix_mul/matrix_mul_vivado/solution1/.autopilot/db/matrix_mul.tbgen.tcl "
@I [HLS-100] Command 'ap_source' returned 0; elapsed 0.000156Total elapsed time: 8.759 sec.
@I [HLS-100] Command "source /home/vipinsoni/MTP/my_vivado_folder/matrix_mul/matrix_mul_vivado/solution1/.autopilot/db/matrix_mul.tbgen.tcl "
@I [HLS-100] Command 'ap_source' returned 0; elapsed 0.000141Total elapsed time: 8.759 sec.
@I [HLS-100] Command "source /home/vipinsoni/MTP/my_vivado_folder/matrix_mul/matrix_mul_vivado/solution1/.autopilot/db/matrix_mul.tbgen.tcl "
@I [HLS-100] Command 'ap_source' returned 0; elapsed 0.000143Total elapsed time: 8.759 sec.
@I [HLS-100] Command "source /home/vipinsoni/MTP/my_vivado_folder/matrix_mul/matrix_mul_vivado/solution1/.autopilot/db/matrix_mul.tbgen.tcl "
@I [HLS-100] Command 'ap_source' returned 0; elapsed 0.000164Total elapsed time: 8.760 sec.
@I [HLS-100] Command "source /home/vipinsoni/MTP/my_vivado_folder/matrix_mul/matrix_mul_vivado/solution1/.autopilot/db/matrix_mul.tbgen.tcl "
@I [HLS-100] Command 'ap_source' returned 0; elapsed 0.000153Total elapsed time: 8.760 sec.
@I [HLS-100] Command "source /home/vipinsoni/MTP/my_vivado_folder/matrix_mul/matrix_mul_vivado/solution1/.autopilot/db/matrix_mul.tbgen.tcl "
@I [HLS-100] Command 'ap_source' returned 0; elapsed 0.000161Total elapsed time: 8.764 sec.
@I [HLS-100] Command "source /home/vipinsoni/MTP/my_vivado_folder/matrix_mul/matrix_mul_vivado/solution1/.autopilot/db/matrix_mul.tbgen.tcl "
@I [HLS-100] Command 'ap_source' returned 0; elapsed 0.000158Total elapsed time: 8.768 sec.
@I [HLS-100] Command "source /home/vipinsoni/MTP/my_vivado_folder/matrix_mul/matrix_mul_vivado/solution1/.autopilot/db/matrix_mul.tbgen.tcl "
@I [HLS-100] Command 'ap_source' returned 0; elapsed 0.000157Total elapsed time: 8.786 sec.
@I [HLS-100] Command "source /home/vipinsoni/MTP/my_vivado_folder/matrix_mul/matrix_mul_vivado/solution1/.autopilot/db/matrix_mul.tbgen.tcl "
@I [HLS-100] Command 'ap_source' returned 0; elapsed 0.000152Total elapsed time: 8.786 sec.
@I [HLS-100] Command "source /home/vipinsoni/MTP/my_vivado_folder/matrix_mul/matrix_mul_vivado/solution1/.autopilot/db/matrix_mul.tbgen.tcl "
@I [HLS-100] Command 'ap_source' returned 0; elapsed 0.000155Total elapsed time: 8.787 sec.
@I [HLS-100] Command "source /home/vipinsoni/MTP/my_vivado_folder/matrix_mul/matrix_mul_vivado/solution1/.autopilot/db/matrix_mul.tbgen.tcl "
@I [HLS-100] Command 'ap_source' returned 0; elapsed 0.000156Total elapsed time: 8.812 sec.
@I [HLS-100] Command "source /home/vipinsoni/MTP/my_vivado_folder/matrix_mul/matrix_mul_vivado/solution1/.autopilot/db/matrix_mul.tbgen.tcl "
@I [HLS-100] Command 'ap_source' returned 0; elapsed 0.000145Total elapsed time: 8.813 sec.
@I [HLS-100] Command "source /home/vipinsoni/MTP/my_vivado_folder/matrix_mul/matrix_mul_vivado/solution1/.autopilot/db/matrix_mul.tbgen.tcl "
@I [HLS-100] Command 'ap_source' returned 0; elapsed 0.000152Total elapsed time: 8.814 sec.
@I [HLS-100] Command "source /home/vipinsoni/MTP/my_vivado_folder/matrix_mul/matrix_mul_vivado/solution1/.autopilot/db/matrix_mul.tbgen.tcl "
@I [HLS-100] Command 'ap_source' returned 0; elapsed 0.000146Total elapsed time: 8.814 sec.
@I [HLS-100] Command "source /home/vipinsoni/MTP/my_vivado_folder/matrix_mul/matrix_mul_vivado/solution1/.autopilot/db/matrix_mul.tbgen.tcl "
@I [HLS-100] Command 'ap_source' returned 0; elapsed 0.000141Total elapsed time: 8.814 sec.
@I [HLS-100] Command "source ../tv/cdatafile/ref.tcl "
@I [HLS-100] Command 'ap_source' returned 0; elapsed 6.6e-05Total elapsed time: 8.815 sec.
@I [HLS-100] Command "source /home/vipinsoni/MTP/my_vivado_folder/matrix_mul/matrix_mul_vivado/solution1/.autopilot/db/matrix_mul.tbgen.tcl "
@I [HLS-100] Command 'ap_source' returned 0; elapsed 0.000148Total elapsed time: 8.815 sec.
@I [HLS-100] Command "source /home/vipinsoni/MTP/my_vivado_folder/matrix_mul/matrix_mul_vivado/solution1/.autopilot/db/matrix_mul.tbgen.tcl "
@I [HLS-100] Command 'ap_source' returned 0; elapsed 0.000141Total elapsed time: 8.815 sec.
@I [HLS-100] Command "source /home/vipinsoni/MTP/my_vivado_folder/matrix_mul/matrix_mul_vivado/solution1/.autopilot/db/matrix_mul.tbgen.tcl "
@I [HLS-100] Command 'ap_source' returned 0; elapsed 0.000158Total elapsed time: 8.816 sec.
@I [HLS-100] Command "source /home/vipinsoni/MTP/my_vivado_folder/matrix_mul/matrix_mul_vivado/solution1/.autopilot/db/matrix_mul.tbgen.tcl "
@I [HLS-100] Command 'ap_source' returned 0; elapsed 0.000144Total elapsed time: 8.816 sec.
@I [HLS-100] Command "source /home/vipinsoni/MTP/my_vivado_folder/matrix_mul/matrix_mul_vivado/solution1/.autopilot/db/matrix_mul.tbgen.tcl "
@I [HLS-100] Command 'ap_source' returned 0; elapsed 0.000141Total elapsed time: 8.816 sec.
@I [HLS-100] Command "source /home/vipinsoni/MTP/my_vivado_folder/matrix_mul/matrix_mul_vivado/solution1/.autopilot/db/matrix_mul.tbgen.tcl "
@I [HLS-100] Command 'ap_source' returned 0; elapsed 0.000158Total elapsed time: 8.820 sec.
@I [HLS-100] Command "source /home/vipinsoni/MTP/my_vivado_folder/matrix_mul/matrix_mul_vivado/solution1/.autopilot/db/matrix_mul.tbgen.tcl "
@I [HLS-100] Command 'ap_source' returned 0; elapsed 0.000232Total elapsed time: 8.825 sec.
@I [HLS-100] Command "source /home/vipinsoni/MTP/my_vivado_folder/matrix_mul/matrix_mul_vivado/solution1/.autopilot/db/matrix_mul.tbgen.tcl "
@I [HLS-100] Command 'ap_source' returned 0; elapsed 0.000145Total elapsed time: 8.843 sec.
@I [HLS-100] Command "source /home/vipinsoni/MTP/my_vivado_folder/matrix_mul/matrix_mul_vivado/solution1/.autopilot/db/matrix_mul.tbgen.tcl "
@I [HLS-100] Command 'ap_source' returned 0; elapsed 0.000148Total elapsed time: 8.844 sec.
@I [HLS-100] Command "source /home/vipinsoni/MTP/my_vivado_folder/matrix_mul/matrix_mul_vivado/solution1/.autopilot/db/matrix_mul.tbgen.tcl "
@I [HLS-100] Command 'ap_source' returned 0; elapsed 0.000142Total elapsed time: 8.844 sec.
(DEBUG) -> -> prepare_ip{{vhdl}} @ "autosim.tcl" => ERROR: "Run Vivado failed"
(DEBUG) -> vhdl_sim_run{...} @ "autosim.tcl" => ERROR: "Run Vivado failed"
@E [COSIM-4] *** C/RTL co-simulation finished: FAIL ***
@I [HLS-100] Command 'cosim_design' returned 2; elapsed 0.737541Total elapsed time: 17.191 sec.
@I [HLS-100] Command 'ap_source' returned 1; elapsed 0.946713Total elapsed time: 17.192 sec.
10
    while executing
"source /home/vipinsoni/MTP/my_vivado_folder/matrix_mul/matrix_mul_vivado/solution1/cosim.tcl"
    invoked from within
"hls::main /home/vipinsoni/MTP/my_vivado_folder/matrix_mul/matrix_mul_vivado/solution1/cosim.tcl"
    ("uplevel" body line 1)
    invoked from within
"uplevel 1 hls::main {*}$args"
    (procedure "hls_proc" line 5)
    invoked from within
"hls_proc $argv"
@I [HLS-100] Command "cleanup_all "
@I [HLS-100] Command 'cleanup_all' returned 0; elapsed 0.000275Total elapsed time: 17.193 sec.
