Analysis & Synthesis report for simple_vec_dot_product
Mon Feb 19 16:52:58 2018
Quartus Prime Version 17.1.0 Build 590 10/25/2017 SJ Lite Edition


---------------------
; Table of Contents ;
---------------------
  1. Legal Notice
  2. Analysis & Synthesis Summary
  3. Analysis & Synthesis Settings
  4. Parallel Compilation
  5. Analysis & Synthesis Source Files Read
  6. Analysis & Synthesis Resource Usage Summary
  7. Analysis & Synthesis Resource Utilization by Entity
  8. Analysis & Synthesis RAM Summary
  9. Analysis & Synthesis DSP Block Usage Summary
 10. General Register Statistics
 11. Inverted Register Statistics
 12. Registers Packed Into Inferred Megafunctions
 13. Multiplexer Restructuring Statistics (Restructuring Performed)
 14. Source assignments for simple_vec_dot_product_mul_32s_32s_64_6:simple_vec_dot_product_mul_32s_32s_64_6_U1|simple_vec_dot_product_mul_32s_32s_64_6_MulnS_0:simple_vec_dot_product_mul_32s_32s_64_6_MulnS_0_U|altshift_taps:buff1_rtl_0|shift_taps_f6m:auto_generated|altsyncram_9l31:altsyncram4
 15. Parameter Settings for User Entity Instance: simple_vec_dot_product_mul_32s_32s_64_6:simple_vec_dot_product_mul_32s_32s_64_6_U1
 16. Parameter Settings for Inferred Entity Instance: simple_vec_dot_product_mul_32s_32s_64_6:simple_vec_dot_product_mul_32s_32s_64_6_U1|simple_vec_dot_product_mul_32s_32s_64_6_MulnS_0:simple_vec_dot_product_mul_32s_32s_64_6_MulnS_0_U|altshift_taps:buff1_rtl_0
 17. Parameter Settings for Inferred Entity Instance: simple_vec_dot_product_mul_32s_32s_64_6:simple_vec_dot_product_mul_32s_32s_64_6_U1|simple_vec_dot_product_mul_32s_32s_64_6_MulnS_0:simple_vec_dot_product_mul_32s_32s_64_6_MulnS_0_U|lpm_mult:Mult0
 18. altshift_taps Parameter Settings by Entity Instance
 19. lpm_mult Parameter Settings by Entity Instance
 20. Port Connectivity Checks: "simple_vec_dot_product_mul_32s_32s_64_6:simple_vec_dot_product_mul_32s_32s_64_6_U1"
 21. Post-Synthesis Netlist Statistics for Top Partition
 22. Elapsed Time Per Partition
 23. Analysis & Synthesis Messages



----------------
; Legal Notice ;
----------------
Copyright (C) 2017  Intel Corporation. All rights reserved.
Your use of Intel Corporation's design tools, logic functions 
and other software and tools, and its AMPP partner logic 
functions, and any output files from any of the foregoing 
(including device programming or simulation files), and any 
associated documentation or information are expressly subject 
to the terms and conditions of the Intel Program License 
Subscription Agreement, the Intel Quartus Prime License Agreement,
the Intel FPGA IP License Agreement, or other applicable license
agreement, including, without limitation, that your use is for
the sole purpose of programming logic devices manufactured by
Intel and sold by Intel or its authorized distributors.  Please
refer to the applicable agreement for further details.



+----------------------------------------------------------------------------------+
; Analysis & Synthesis Summary                                                     ;
+------------------------------------+---------------------------------------------+
; Analysis & Synthesis Status        ; Successful - Mon Feb 19 16:52:58 2018       ;
; Quartus Prime Version              ; 17.1.0 Build 590 10/25/2017 SJ Lite Edition ;
; Revision Name                      ; simple_vec_dot_product                      ;
; Top-level Entity Name              ; simple_vec_dot_product                      ;
; Family                             ; Cyclone IV E                                ;
; Total logic elements               ; 325                                         ;
;     Total combinational functions  ; 176                                         ;
;     Dedicated logic registers      ; 214                                         ;
; Total registers                    ; 214                                         ;
; Total pins                         ; 112                                         ;
; Total virtual pins                 ; 0                                           ;
; Total memory bits                  ; 192                                         ;
; Embedded Multiplier 9-bit elements ; 8                                           ;
; Total PLLs                         ; 0                                           ;
+------------------------------------+---------------------------------------------+


+------------------------------------------------------------------------------------------------------------------------------+
; Analysis & Synthesis Settings                                                                                                ;
+----------------------------------------------------------------------------+------------------------+------------------------+
; Option                                                                     ; Setting                ; Default Value          ;
+----------------------------------------------------------------------------+------------------------+------------------------+
; Device                                                                     ; EP4CE22F17C6           ;                        ;
; Top-level entity name                                                      ; simple_vec_dot_product ; simple_vec_dot_product ;
; Family name                                                                ; Cyclone IV E           ; Cyclone V              ;
; Use smart compilation                                                      ; Off                    ; Off                    ;
; Enable parallel Assembler and TimeQuest Timing Analyzer during compilation ; On                     ; On                     ;
; Enable compact report table                                                ; Off                    ; Off                    ;
; Restructure Multiplexers                                                   ; Auto                   ; Auto                   ;
; Create Debugging Nodes for IP Cores                                        ; Off                    ; Off                    ;
; Preserve fewer node names                                                  ; On                     ; On                     ;
; Intel FPGA IP Evaluation Mode                                              ; Enable                 ; Enable                 ;
; Verilog Version                                                            ; Verilog_2001           ; Verilog_2001           ;
; VHDL Version                                                               ; VHDL_1993              ; VHDL_1993              ;
; State Machine Processing                                                   ; Auto                   ; Auto                   ;
; Safe State Machine                                                         ; Off                    ; Off                    ;
; Extract Verilog State Machines                                             ; On                     ; On                     ;
; Extract VHDL State Machines                                                ; On                     ; On                     ;
; Ignore Verilog initial constructs                                          ; Off                    ; Off                    ;
; Iteration limit for constant Verilog loops                                 ; 5000                   ; 5000                   ;
; Iteration limit for non-constant Verilog loops                             ; 250                    ; 250                    ;
; Add Pass-Through Logic to Inferred RAMs                                    ; On                     ; On                     ;
; Infer RAMs from Raw Logic                                                  ; On                     ; On                     ;
; Parallel Synthesis                                                         ; On                     ; On                     ;
; DSP Block Balancing                                                        ; Auto                   ; Auto                   ;
; NOT Gate Push-Back                                                         ; On                     ; On                     ;
; Power-Up Don't Care                                                        ; On                     ; On                     ;
; Remove Redundant Logic Cells                                               ; Off                    ; Off                    ;
; Remove Duplicate Registers                                                 ; On                     ; On                     ;
; Ignore CARRY Buffers                                                       ; Off                    ; Off                    ;
; Ignore CASCADE Buffers                                                     ; Off                    ; Off                    ;
; Ignore GLOBAL Buffers                                                      ; Off                    ; Off                    ;
; Ignore ROW GLOBAL Buffers                                                  ; Off                    ; Off                    ;
; Ignore LCELL Buffers                                                       ; Off                    ; Off                    ;
; Ignore SOFT Buffers                                                        ; On                     ; On                     ;
; Limit AHDL Integers to 32 Bits                                             ; Off                    ; Off                    ;
; Optimization Technique                                                     ; Balanced               ; Balanced               ;
; Carry Chain Length                                                         ; 70                     ; 70                     ;
; Auto Carry Chains                                                          ; On                     ; On                     ;
; Auto Open-Drain Pins                                                       ; On                     ; On                     ;
; Perform WYSIWYG Primitive Resynthesis                                      ; Off                    ; Off                    ;
; Auto ROM Replacement                                                       ; On                     ; On                     ;
; Auto RAM Replacement                                                       ; On                     ; On                     ;
; Auto DSP Block Replacement                                                 ; On                     ; On                     ;
; Auto Shift Register Replacement                                            ; Auto                   ; Auto                   ;
; Allow Shift Register Merging across Hierarchies                            ; Auto                   ; Auto                   ;
; Auto Clock Enable Replacement                                              ; On                     ; On                     ;
; Strict RAM Replacement                                                     ; Off                    ; Off                    ;
; Allow Synchronous Control Signals                                          ; On                     ; On                     ;
; Force Use of Synchronous Clear Signals                                     ; Off                    ; Off                    ;
; Auto RAM Block Balancing                                                   ; On                     ; On                     ;
; Auto RAM to Logic Cell Conversion                                          ; Off                    ; Off                    ;
; Auto Resource Sharing                                                      ; Off                    ; Off                    ;
; Allow Any RAM Size For Recognition                                         ; Off                    ; Off                    ;
; Allow Any ROM Size For Recognition                                         ; Off                    ; Off                    ;
; Allow Any Shift Register Size For Recognition                              ; Off                    ; Off                    ;
; Use LogicLock Constraints during Resource Balancing                        ; On                     ; On                     ;
; Ignore translate_off and synthesis_off directives                          ; Off                    ; Off                    ;
; Timing-Driven Synthesis                                                    ; On                     ; On                     ;
; Report Parameter Settings                                                  ; On                     ; On                     ;
; Report Source Assignments                                                  ; On                     ; On                     ;
; Report Connectivity Checks                                                 ; On                     ; On                     ;
; Ignore Maximum Fan-Out Assignments                                         ; Off                    ; Off                    ;
; Synchronization Register Chain Length                                      ; 2                      ; 2                      ;
; Power Optimization During Synthesis                                        ; Normal compilation     ; Normal compilation     ;
; HDL message level                                                          ; Level2                 ; Level2                 ;
; Suppress Register Optimization Related Messages                            ; Off                    ; Off                    ;
; Number of Removed Registers Reported in Synthesis Report                   ; 5000                   ; 5000                   ;
; Number of Swept Nodes Reported in Synthesis Report                         ; 5000                   ; 5000                   ;
; Number of Inverted Registers Reported in Synthesis Report                  ; 100                    ; 100                    ;
; Clock MUX Protection                                                       ; On                     ; On                     ;
; Auto Gated Clock Conversion                                                ; Off                    ; Off                    ;
; Block Design Naming                                                        ; Auto                   ; Auto                   ;
; SDC constraint protection                                                  ; Off                    ; Off                    ;
; Synthesis Effort                                                           ; Auto                   ; Auto                   ;
; Shift Register Replacement - Allow Asynchronous Clear Signal               ; On                     ; On                     ;
; Pre-Mapping Resynthesis Optimization                                       ; Off                    ; Off                    ;
; Analysis & Synthesis Message Level                                         ; Medium                 ; Medium                 ;
; Disable Register Merging Across Hierarchies                                ; Auto                   ; Auto                   ;
; Resource Aware Inference For Block RAM                                     ; On                     ; On                     ;
+----------------------------------------------------------------------------+------------------------+------------------------+


+------------------------------------------+
; Parallel Compilation                     ;
+----------------------------+-------------+
; Processors                 ; Number      ;
+----------------------------+-------------+
; Number detected on machine ; 4           ;
; Maximum allowed            ; 2           ;
;                            ;             ;
; Average used               ; 1.00        ;
; Maximum used               ; 2           ;
;                            ;             ;
; Usage by Processor         ; % Time Used ;
;     Processor 1            ; 100.0%      ;
;     Processor 2            ;   0.0%      ;
+----------------------------+-------------+


+---------------------------------------------------------------------------------------------------------------------------------------------------------------------------------------------------------------------------------+
; Analysis & Synthesis Source Files Read                                                                                                                                                                                          ;
+--------------------------------------------+-----------------+------------------------------+-------------------------------------------------------------------------------------------------------------------------+---------+
; File Name with User-Entered Path           ; Used in Netlist ; File Type                    ; File Name with Absolute Path                                                                                            ; Library ;
+--------------------------------------------+-----------------+------------------------------+-------------------------------------------------------------------------------------------------------------------------+---------+
; simple_vec_dot_product.vhd                 ; yes             ; User VHDL File               ; /home/vipinsoni/Desktop/MTP2/my_vivado_folder/quartus_simple_vec_dot_product/simple_vec_dot_product.vhd                 ;         ;
; simple_vec_dot_product_mul32s_32s_64_6.vhd ; yes             ; User VHDL File               ; /home/vipinsoni/Desktop/MTP2/my_vivado_folder/quartus_simple_vec_dot_product/simple_vec_dot_product_mul32s_32s_64_6.vhd ;         ;
; altshift_taps.tdf                          ; yes             ; Megafunction                 ; /home/vipinsoni/intelFPGA_lite/17.1/quartus/libraries/megafunctions/altshift_taps.tdf                                   ;         ;
; altdpram.inc                               ; yes             ; Megafunction                 ; /home/vipinsoni/intelFPGA_lite/17.1/quartus/libraries/megafunctions/altdpram.inc                                        ;         ;
; lpm_counter.inc                            ; yes             ; Megafunction                 ; /home/vipinsoni/intelFPGA_lite/17.1/quartus/libraries/megafunctions/lpm_counter.inc                                     ;         ;
; lpm_compare.inc                            ; yes             ; Megafunction                 ; /home/vipinsoni/intelFPGA_lite/17.1/quartus/libraries/megafunctions/lpm_compare.inc                                     ;         ;
; lpm_constant.inc                           ; yes             ; Megafunction                 ; /home/vipinsoni/intelFPGA_lite/17.1/quartus/libraries/megafunctions/lpm_constant.inc                                    ;         ;
; db/shift_taps_f6m.tdf                      ; yes             ; Auto-Generated Megafunction  ; /home/vipinsoni/Desktop/MTP2/my_vivado_folder/quartus_simple_vec_dot_product/db/shift_taps_f6m.tdf                      ;         ;
; db/altsyncram_9l31.tdf                     ; yes             ; Auto-Generated Megafunction  ; /home/vipinsoni/Desktop/MTP2/my_vivado_folder/quartus_simple_vec_dot_product/db/altsyncram_9l31.tdf                     ;         ;
; db/add_sub_24e.tdf                         ; yes             ; Auto-Generated Megafunction  ; /home/vipinsoni/Desktop/MTP2/my_vivado_folder/quartus_simple_vec_dot_product/db/add_sub_24e.tdf                         ;         ;
; db/cntr_6pf.tdf                            ; yes             ; Auto-Generated Megafunction  ; /home/vipinsoni/Desktop/MTP2/my_vivado_folder/quartus_simple_vec_dot_product/db/cntr_6pf.tdf                            ;         ;
; db/cmpr_ogc.tdf                            ; yes             ; Auto-Generated Megafunction  ; /home/vipinsoni/Desktop/MTP2/my_vivado_folder/quartus_simple_vec_dot_product/db/cmpr_ogc.tdf                            ;         ;
; lpm_mult.tdf                               ; yes             ; Megafunction                 ; /home/vipinsoni/intelFPGA_lite/17.1/quartus/libraries/megafunctions/lpm_mult.tdf                                        ;         ;
; aglobal171.inc                             ; yes             ; Megafunction                 ; /home/vipinsoni/intelFPGA_lite/17.1/quartus/libraries/megafunctions/aglobal171.inc                                      ;         ;
; lpm_add_sub.inc                            ; yes             ; Megafunction                 ; /home/vipinsoni/intelFPGA_lite/17.1/quartus/libraries/megafunctions/lpm_add_sub.inc                                     ;         ;
; multcore.inc                               ; yes             ; Megafunction                 ; /home/vipinsoni/intelFPGA_lite/17.1/quartus/libraries/megafunctions/multcore.inc                                        ;         ;
; bypassff.inc                               ; yes             ; Megafunction                 ; /home/vipinsoni/intelFPGA_lite/17.1/quartus/libraries/megafunctions/bypassff.inc                                        ;         ;
; altshift.inc                               ; yes             ; Megafunction                 ; /home/vipinsoni/intelFPGA_lite/17.1/quartus/libraries/megafunctions/altshift.inc                                        ;         ;
; db/mult_46t.tdf                            ; yes             ; Auto-Generated Megafunction  ; /home/vipinsoni/Desktop/MTP2/my_vivado_folder/quartus_simple_vec_dot_product/db/mult_46t.tdf                            ;         ;
+--------------------------------------------+-----------------+------------------------------+-------------------------------------------------------------------------------------------------------------------------+---------+


+------------------------------------------------------------+
; Analysis & Synthesis Resource Usage Summary                ;
+---------------------------------------------+--------------+
; Resource                                    ; Usage        ;
+---------------------------------------------+--------------+
; Estimated Total logic elements              ; 325          ;
;                                             ;              ;
; Total combinational functions               ; 176          ;
; Logic element usage by number of LUT inputs ;              ;
;     -- 4 input functions                    ; 29           ;
;     -- 3 input functions                    ; 100          ;
;     -- <=2 input functions                  ; 47           ;
;                                             ;              ;
; Logic elements by mode                      ;              ;
;     -- normal mode                          ; 84           ;
;     -- arithmetic mode                      ; 92           ;
;                                             ;              ;
; Total registers                             ; 214          ;
;     -- Dedicated logic registers            ; 214          ;
;     -- I/O registers                        ; 0            ;
;                                             ;              ;
; I/O pins                                    ; 112          ;
; Total memory bits                           ; 192          ;
;                                             ;              ;
; Embedded Multiplier 9-bit elements          ; 8            ;
;                                             ;              ;
; Maximum fan-out node                        ; ap_clk~input ;
; Maximum fan-out                             ; 278          ;
; Total fan-out                               ; 1677         ;
; Average fan-out                             ; 2.44         ;
+---------------------------------------------+--------------+


+----------------------------------------------------------------------------------------------------------------------------------------------------------------------------------------------------------------------------------------------------------------------------------------------------------------------------------------------------------------------------------------------------------------------------------------------------------------------------------------------------------------------------------------------------------------------------------------------------------+
; Analysis & Synthesis Resource Utilization by Entity                                                                                                                                                                                                                                                                                                                                                                                                                                                                                                                                                      ;
+-----------------------------------------------------------------------------------------------------------+---------------------+---------------------------+-------------+--------------+---------+-----------+------+--------------+--------------------------------------------------------------------------------------------------------------------------------------------------------------------------------------------------------------------------------------------------------------------------------------------------+-------------------------------------------------+--------------+
; Compilation Hierarchy Node                                                                                ; Combinational ALUTs ; Dedicated Logic Registers ; Memory Bits ; DSP Elements ; DSP 9x9 ; DSP 18x18 ; Pins ; Virtual Pins ; Full Hierarchy Name                                                                                                                                                                                                                                                                              ; Entity Name                                     ; Library Name ;
+-----------------------------------------------------------------------------------------------------------+---------------------+---------------------------+-------------+--------------+---------+-----------+------+--------------+--------------------------------------------------------------------------------------------------------------------------------------------------------------------------------------------------------------------------------------------------------------------------------------------------+-------------------------------------------------+--------------+
; |simple_vec_dot_product                                                                                   ; 176 (77)            ; 214 (82)                  ; 192         ; 8            ; 0       ; 4         ; 112  ; 0            ; |simple_vec_dot_product                                                                                                                                                                                                                                                                          ; simple_vec_dot_product                          ; work         ;
;    |simple_vec_dot_product_mul_32s_32s_64_6:simple_vec_dot_product_mul_32s_32s_64_6_U1|                   ; 99 (0)              ; 132 (0)                   ; 192         ; 8            ; 0       ; 4         ; 0    ; 0            ; |simple_vec_dot_product|simple_vec_dot_product_mul_32s_32s_64_6:simple_vec_dot_product_mul_32s_32s_64_6_U1                                                                                                                                                                                       ; simple_vec_dot_product_mul_32s_32s_64_6         ; work         ;
;       |simple_vec_dot_product_mul_32s_32s_64_6_MulnS_0:simple_vec_dot_product_mul_32s_32s_64_6_MulnS_0_U| ; 99 (46)             ; 132 (128)                 ; 192         ; 8            ; 0       ; 4         ; 0    ; 0            ; |simple_vec_dot_product|simple_vec_dot_product_mul_32s_32s_64_6:simple_vec_dot_product_mul_32s_32s_64_6_U1|simple_vec_dot_product_mul_32s_32s_64_6_MulnS_0:simple_vec_dot_product_mul_32s_32s_64_6_MulnS_0_U                                                                                     ; simple_vec_dot_product_mul_32s_32s_64_6_MulnS_0 ; work         ;
;          |altshift_taps:buff1_rtl_0|                                                                      ; 7 (0)               ; 4 (0)                     ; 192         ; 0            ; 0       ; 0         ; 0    ; 0            ; |simple_vec_dot_product|simple_vec_dot_product_mul_32s_32s_64_6:simple_vec_dot_product_mul_32s_32s_64_6_U1|simple_vec_dot_product_mul_32s_32s_64_6_MulnS_0:simple_vec_dot_product_mul_32s_32s_64_6_MulnS_0_U|altshift_taps:buff1_rtl_0                                                           ; altshift_taps                                   ; work         ;
;             |shift_taps_f6m:auto_generated|                                                               ; 7 (2)               ; 4 (2)                     ; 192         ; 0            ; 0       ; 0         ; 0    ; 0            ; |simple_vec_dot_product|simple_vec_dot_product_mul_32s_32s_64_6:simple_vec_dot_product_mul_32s_32s_64_6_U1|simple_vec_dot_product_mul_32s_32s_64_6_MulnS_0:simple_vec_dot_product_mul_32s_32s_64_6_MulnS_0_U|altshift_taps:buff1_rtl_0|shift_taps_f6m:auto_generated                             ; shift_taps_f6m                                  ; work         ;
;                |altsyncram_9l31:altsyncram4|                                                              ; 0 (0)               ; 0 (0)                     ; 192         ; 0            ; 0       ; 0         ; 0    ; 0            ; |simple_vec_dot_product|simple_vec_dot_product_mul_32s_32s_64_6:simple_vec_dot_product_mul_32s_32s_64_6_U1|simple_vec_dot_product_mul_32s_32s_64_6_MulnS_0:simple_vec_dot_product_mul_32s_32s_64_6_MulnS_0_U|altshift_taps:buff1_rtl_0|shift_taps_f6m:auto_generated|altsyncram_9l31:altsyncram4 ; altsyncram_9l31                                 ; work         ;
;                |cntr_6pf:cntr1|                                                                           ; 5 (5)               ; 2 (2)                     ; 0           ; 0            ; 0       ; 0         ; 0    ; 0            ; |simple_vec_dot_product|simple_vec_dot_product_mul_32s_32s_64_6:simple_vec_dot_product_mul_32s_32s_64_6_U1|simple_vec_dot_product_mul_32s_32s_64_6_MulnS_0:simple_vec_dot_product_mul_32s_32s_64_6_MulnS_0_U|altshift_taps:buff1_rtl_0|shift_taps_f6m:auto_generated|cntr_6pf:cntr1              ; cntr_6pf                                        ; work         ;
;          |lpm_mult:Mult0|                                                                                 ; 46 (0)              ; 0 (0)                     ; 0           ; 8            ; 0       ; 4         ; 0    ; 0            ; |simple_vec_dot_product|simple_vec_dot_product_mul_32s_32s_64_6:simple_vec_dot_product_mul_32s_32s_64_6_U1|simple_vec_dot_product_mul_32s_32s_64_6_MulnS_0:simple_vec_dot_product_mul_32s_32s_64_6_MulnS_0_U|lpm_mult:Mult0                                                                      ; lpm_mult                                        ; work         ;
;             |mult_46t:auto_generated|                                                                     ; 46 (46)             ; 0 (0)                     ; 0           ; 8            ; 0       ; 4         ; 0    ; 0            ; |simple_vec_dot_product|simple_vec_dot_product_mul_32s_32s_64_6:simple_vec_dot_product_mul_32s_32s_64_6_U1|simple_vec_dot_product_mul_32s_32s_64_6_MulnS_0:simple_vec_dot_product_mul_32s_32s_64_6_MulnS_0_U|lpm_mult:Mult0|mult_46t:auto_generated                                              ; mult_46t                                        ; work         ;
+-----------------------------------------------------------------------------------------------------------+---------------------+---------------------------+-------------+--------------+---------+-----------+------+--------------+--------------------------------------------------------------------------------------------------------------------------------------------------------------------------------------------------------------------------------------------------------------------------------------------------+-------------------------------------------------+--------------+
Note: For table entries with two numbers listed, the numbers in parentheses indicate the number of resources of the given type used by the specific entity alone. The numbers listed outside of parentheses indicate the total resources of the given type used by the specific entity and all of its sub-entities in the hierarchy.


+-----------------------------------------------------------------------------------------------------------------------------------------------------------------------------------------------------------------------------------------------------------------------------------------------------------------------------------------------------------------------------------------+
; Analysis & Synthesis RAM Summary                                                                                                                                                                                                                                                                                                                                                        ;
+-------------------------------------------------------------------------------------------------------------------------------------------------------------------------------------------------------------------------------------------------------------------------------------+------+------------------+--------------+--------------+--------------+--------------+------+------+
; Name                                                                                                                                                                                                                                                                                ; Type ; Mode             ; Port A Depth ; Port A Width ; Port B Depth ; Port B Width ; Size ; MIF  ;
+-------------------------------------------------------------------------------------------------------------------------------------------------------------------------------------------------------------------------------------------------------------------------------------+------+------------------+--------------+--------------+--------------+--------------+------+------+
; simple_vec_dot_product_mul_32s_32s_64_6:simple_vec_dot_product_mul_32s_32s_64_6_U1|simple_vec_dot_product_mul_32s_32s_64_6_MulnS_0:simple_vec_dot_product_mul_32s_32s_64_6_MulnS_0_U|altshift_taps:buff1_rtl_0|shift_taps_f6m:auto_generated|altsyncram_9l31:altsyncram4|ALTSYNCRAM ; AUTO ; Simple Dual Port ; 3            ; 64           ; 3            ; 64           ; 192  ; None ;
+-------------------------------------------------------------------------------------------------------------------------------------------------------------------------------------------------------------------------------------------------------------------------------------+------+------------------+--------------+--------------+--------------+--------------+------+------+


+-----------------------------------------------------+
; Analysis & Synthesis DSP Block Usage Summary        ;
+---------------------------------------+-------------+
; Statistic                             ; Number Used ;
+---------------------------------------+-------------+
; Simple Multipliers (9-bit)            ; 0           ;
; Simple Multipliers (18-bit)           ; 4           ;
; Embedded Multiplier Blocks            ; --          ;
; Embedded Multiplier 9-bit elements    ; 8           ;
; Signed Embedded Multipliers           ; 1           ;
; Unsigned Embedded Multipliers         ; 1           ;
; Mixed Sign Embedded Multipliers       ; 2           ;
; Variable Sign Embedded Multipliers    ; 0           ;
; Dedicated Input Shift Register Chains ; 0           ;
+---------------------------------------+-------------+
Note: number of Embedded Multiplier Blocks used is only available after a successful fit.


+------------------------------------------------------+
; General Register Statistics                          ;
+----------------------------------------------+-------+
; Statistic                                    ; Value ;
+----------------------------------------------+-------+
; Total registers                              ; 214   ;
; Number of registers using Synchronous Clear  ; 0     ;
; Number of registers using Synchronous Load   ; 0     ;
; Number of registers using Asynchronous Clear ; 0     ;
; Number of registers using Asynchronous Load  ; 0     ;
; Number of registers using Clock Enable       ; 73    ;
; Number of registers using Preset             ; 0     ;
+----------------------------------------------+-------+


+--------------------------------------------------+
; Inverted Register Statistics                     ;
+----------------------------------------+---------+
; Inverted Register                      ; Fan out ;
+----------------------------------------+---------+
; ap_CS_fsm[0]                           ; 2       ;
; Total number of inverted registers = 1 ;         ;
+----------------------------------------+---------+


+-------------------------------------------------------------------------------------------------------------------------------------------------------------------------------------------------------------------------------------------------------------------------------------------------------------------------------------------------------------------------------------------------------------------+
; Registers Packed Into Inferred Megafunctions                                                                                                                                                                                                                                                                                                                                                                      ;
+---------------------------------------------------------------------------------------------------------------------------------------------------------------------------------------------------+--------------------------------------------------------------------------------------------------------------------------------------------------------------------------------------------------+------------+
; Register Name                                                                                                                                                                                     ; Megafunction                                                                                                                                                                                     ; Type       ;
+---------------------------------------------------------------------------------------------------------------------------------------------------------------------------------------------------+--------------------------------------------------------------------------------------------------------------------------------------------------------------------------------------------------+------------+
; simple_vec_dot_product_mul_32s_32s_64_6:simple_vec_dot_product_mul_32s_32s_64_6_U1|simple_vec_dot_product_mul_32s_32s_64_6_MulnS_0:simple_vec_dot_product_mul_32s_32s_64_6_MulnS_0_U|buff3[0..63] ; simple_vec_dot_product_mul_32s_32s_64_6:simple_vec_dot_product_mul_32s_32s_64_6_U1|simple_vec_dot_product_mul_32s_32s_64_6_MulnS_0:simple_vec_dot_product_mul_32s_32s_64_6_MulnS_0_U|buff1_rtl_0 ; SHIFT_TAPS ;
; simple_vec_dot_product_mul_32s_32s_64_6:simple_vec_dot_product_mul_32s_32s_64_6_U1|simple_vec_dot_product_mul_32s_32s_64_6_MulnS_0:simple_vec_dot_product_mul_32s_32s_64_6_MulnS_0_U|buff2[0..63] ; simple_vec_dot_product_mul_32s_32s_64_6:simple_vec_dot_product_mul_32s_32s_64_6_U1|simple_vec_dot_product_mul_32s_32s_64_6_MulnS_0:simple_vec_dot_product_mul_32s_32s_64_6_MulnS_0_U|buff1_rtl_0 ; SHIFT_TAPS ;
; simple_vec_dot_product_mul_32s_32s_64_6:simple_vec_dot_product_mul_32s_32s_64_6_U1|simple_vec_dot_product_mul_32s_32s_64_6_MulnS_0:simple_vec_dot_product_mul_32s_32s_64_6_MulnS_0_U|buff1[0..63] ; simple_vec_dot_product_mul_32s_32s_64_6:simple_vec_dot_product_mul_32s_32s_64_6_U1|simple_vec_dot_product_mul_32s_32s_64_6_MulnS_0:simple_vec_dot_product_mul_32s_32s_64_6_MulnS_0_U|buff1_rtl_0 ; SHIFT_TAPS ;
+---------------------------------------------------------------------------------------------------------------------------------------------------------------------------------------------------+--------------------------------------------------------------------------------------------------------------------------------------------------------------------------------------------------+------------+


+----------------------------------------------------------------------------------------------------------------------------------------------------+
; Multiplexer Restructuring Statistics (Restructuring Performed)                                                                                     ;
+--------------------+-----------+---------------+----------------------+------------------------+------------+--------------------------------------+
; Multiplexer Inputs ; Bus Width ; Baseline Area ; Area if Restructured ; Saving if Restructured ; Registered ; Example Multiplexer Output           ;
+--------------------+-----------+---------------+----------------------+------------------------+------------+--------------------------------------+
; 3:1                ; 3 bits    ; 6 LEs         ; 3 LEs                ; 3 LEs                  ; Yes        ; |simple_vec_dot_product|i0_reg_74[0] ;
+--------------------+-----------+---------------+----------------------+------------------------+------------+--------------------------------------+


+-------------------------------------------------------------------------------------------------------------------------------------------------------------------------------------------------------------------------------------------------------------------------------------------------+
; Source assignments for simple_vec_dot_product_mul_32s_32s_64_6:simple_vec_dot_product_mul_32s_32s_64_6_U1|simple_vec_dot_product_mul_32s_32s_64_6_MulnS_0:simple_vec_dot_product_mul_32s_32s_64_6_MulnS_0_U|altshift_taps:buff1_rtl_0|shift_taps_f6m:auto_generated|altsyncram_9l31:altsyncram4 ;
+---------------------------------+--------------------+------+-----------------------------------------------------------------------------------------------------------------------------------------------------------------------------------------------------------------------------------+
; Assignment                      ; Value              ; From ; To                                                                                                                                                                                                                                ;
+---------------------------------+--------------------+------+-----------------------------------------------------------------------------------------------------------------------------------------------------------------------------------------------------------------------------------+
; OPTIMIZE_POWER_DURING_SYNTHESIS ; NORMAL_COMPILATION ; -    ; -                                                                                                                                                                                                                                 ;
+---------------------------------+--------------------+------+-----------------------------------------------------------------------------------------------------------------------------------------------------------------------------------------------------------------------------------+


+---------------------------------------------------------------------------------------------------------------------------------+
; Parameter Settings for User Entity Instance: simple_vec_dot_product_mul_32s_32s_64_6:simple_vec_dot_product_mul_32s_32s_64_6_U1 ;
+----------------+-------+--------------------------------------------------------------------------------------------------------+
; Parameter Name ; Value ; Type                                                                                                   ;
+----------------+-------+--------------------------------------------------------------------------------------------------------+
; id             ; 1     ; Signed Integer                                                                                         ;
; num_stage      ; 6     ; Signed Integer                                                                                         ;
; din0_width     ; 32    ; Signed Integer                                                                                         ;
; din1_width     ; 32    ; Signed Integer                                                                                         ;
; dout_width     ; 64    ; Signed Integer                                                                                         ;
+----------------+-------+--------------------------------------------------------------------------------------------------------+
Note: In order to hide this table in the UI and the text report file, please set the "Show Parameter Settings in Synthesis Report" option in "Analysis and Synthesis Settings -> More Settings" to "Off".


+-----------------------------------------------------------------------------------------------------------------------------------------------------------------------------------------------------------------------------------------------------------------+
; Parameter Settings for Inferred Entity Instance: simple_vec_dot_product_mul_32s_32s_64_6:simple_vec_dot_product_mul_32s_32s_64_6_U1|simple_vec_dot_product_mul_32s_32s_64_6_MulnS_0:simple_vec_dot_product_mul_32s_32s_64_6_MulnS_0_U|altshift_taps:buff1_rtl_0 ;
+----------------+----------------+-------------------------------------------------------------------------------------------------------------------------------------------------------------------------------------------------------------------------------+
; Parameter Name ; Value          ; Type                                                                                                                                                                                                                          ;
+----------------+----------------+-------------------------------------------------------------------------------------------------------------------------------------------------------------------------------------------------------------------------------+
; WIDTH_BYTEENA  ; 1              ; Untyped                                                                                                                                                                                                                       ;
; NUMBER_OF_TAPS ; 1              ; Untyped                                                                                                                                                                                                                       ;
; TAP_DISTANCE   ; 3              ; Untyped                                                                                                                                                                                                                       ;
; WIDTH          ; 64             ; Untyped                                                                                                                                                                                                                       ;
; POWER_UP_STATE ; CLEARED        ; Untyped                                                                                                                                                                                                                       ;
; CBXI_PARAMETER ; shift_taps_f6m ; Untyped                                                                                                                                                                                                                       ;
+----------------+----------------+-------------------------------------------------------------------------------------------------------------------------------------------------------------------------------------------------------------------------------+
Note: In order to hide this table in the UI and the text report file, please set the "Show Parameter Settings in Synthesis Report" option in "Analysis and Synthesis Settings -> More Settings" to "Off".


+------------------------------------------------------------------------------------------------------------------------------------------------------------------------------------------------------------------------------------------------------+
; Parameter Settings for Inferred Entity Instance: simple_vec_dot_product_mul_32s_32s_64_6:simple_vec_dot_product_mul_32s_32s_64_6_U1|simple_vec_dot_product_mul_32s_32s_64_6_MulnS_0:simple_vec_dot_product_mul_32s_32s_64_6_MulnS_0_U|lpm_mult:Mult0 ;
+------------------------------------------------+--------------+--------------------------------------------------------------------------------------------------------------------------------------------------------------------------------------+
; Parameter Name                                 ; Value        ; Type                                                                                                                                                                                 ;
+------------------------------------------------+--------------+--------------------------------------------------------------------------------------------------------------------------------------------------------------------------------------+
; AUTO_CARRY_CHAINS                              ; ON           ; AUTO_CARRY                                                                                                                                                                           ;
; IGNORE_CARRY_BUFFERS                           ; OFF          ; IGNORE_CARRY                                                                                                                                                                         ;
; AUTO_CASCADE_CHAINS                            ; ON           ; AUTO_CASCADE                                                                                                                                                                         ;
; IGNORE_CASCADE_BUFFERS                         ; OFF          ; IGNORE_CASCADE                                                                                                                                                                       ;
; LPM_WIDTHA                                     ; 32           ; Untyped                                                                                                                                                                              ;
; LPM_WIDTHB                                     ; 32           ; Untyped                                                                                                                                                                              ;
; LPM_WIDTHP                                     ; 64           ; Untyped                                                                                                                                                                              ;
; LPM_WIDTHR                                     ; 64           ; Untyped                                                                                                                                                                              ;
; LPM_WIDTHS                                     ; 1            ; Untyped                                                                                                                                                                              ;
; LPM_REPRESENTATION                             ; SIGNED       ; Untyped                                                                                                                                                                              ;
; LPM_PIPELINE                                   ; 0            ; Untyped                                                                                                                                                                              ;
; LATENCY                                        ; 0            ; Untyped                                                                                                                                                                              ;
; INPUT_A_IS_CONSTANT                            ; NO           ; Untyped                                                                                                                                                                              ;
; INPUT_B_IS_CONSTANT                            ; NO           ; Untyped                                                                                                                                                                              ;
; USE_EAB                                        ; OFF          ; Untyped                                                                                                                                                                              ;
; MAXIMIZE_SPEED                                 ; 5            ; Untyped                                                                                                                                                                              ;
; DEVICE_FAMILY                                  ; Cyclone IV E ; Untyped                                                                                                                                                                              ;
; CARRY_CHAIN                                    ; MANUAL       ; Untyped                                                                                                                                                                              ;
; APEX20K_TECHNOLOGY_MAPPER                      ; LUT          ; TECH_MAPPER_APEX20K                                                                                                                                                                  ;
; DEDICATED_MULTIPLIER_CIRCUITRY                 ; AUTO         ; Untyped                                                                                                                                                                              ;
; DEDICATED_MULTIPLIER_MIN_INPUT_WIDTH_FOR_AUTO  ; 0            ; Untyped                                                                                                                                                                              ;
; DEDICATED_MULTIPLIER_MIN_OUTPUT_WIDTH_FOR_AUTO ; 0            ; Untyped                                                                                                                                                                              ;
; CBXI_PARAMETER                                 ; mult_46t     ; Untyped                                                                                                                                                                              ;
; INPUT_A_FIXED_VALUE                            ; Bx           ; Untyped                                                                                                                                                                              ;
; INPUT_B_FIXED_VALUE                            ; Bx           ; Untyped                                                                                                                                                                              ;
; USE_AHDL_IMPLEMENTATION                        ; OFF          ; Untyped                                                                                                                                                                              ;
+------------------------------------------------+--------------+--------------------------------------------------------------------------------------------------------------------------------------------------------------------------------------+
Note: In order to hide this table in the UI and the text report file, please set the "Show Parameter Settings in Synthesis Report" option in "Analysis and Synthesis Settings -> More Settings" to "Off".


+---------------------------------------------------------------------------------------------------------------------------------------------------------------------------------------------------------------------------------------------+
; altshift_taps Parameter Settings by Entity Instance                                                                                                                                                                                         ;
+----------------------------+----------------------------------------------------------------------------------------------------------------------------------------------------------------------------------------------------------------+
; Name                       ; Value                                                                                                                                                                                                          ;
+----------------------------+----------------------------------------------------------------------------------------------------------------------------------------------------------------------------------------------------------------+
; Number of entity instances ; 1                                                                                                                                                                                                              ;
; Entity Instance            ; simple_vec_dot_product_mul_32s_32s_64_6:simple_vec_dot_product_mul_32s_32s_64_6_U1|simple_vec_dot_product_mul_32s_32s_64_6_MulnS_0:simple_vec_dot_product_mul_32s_32s_64_6_MulnS_0_U|altshift_taps:buff1_rtl_0 ;
;     -- NUMBER_OF_TAPS      ; 1                                                                                                                                                                                                              ;
;     -- TAP_DISTANCE        ; 3                                                                                                                                                                                                              ;
;     -- WIDTH               ; 64                                                                                                                                                                                                             ;
+----------------------------+----------------------------------------------------------------------------------------------------------------------------------------------------------------------------------------------------------------+


+---------------------------------------------------------------------------------------------------------------------------------------------------------------------------------------------------------------------------------------------+
; lpm_mult Parameter Settings by Entity Instance                                                                                                                                                                                              ;
+---------------------------------------+-----------------------------------------------------------------------------------------------------------------------------------------------------------------------------------------------------+
; Name                                  ; Value                                                                                                                                                                                               ;
+---------------------------------------+-----------------------------------------------------------------------------------------------------------------------------------------------------------------------------------------------------+
; Number of entity instances            ; 1                                                                                                                                                                                                   ;
; Entity Instance                       ; simple_vec_dot_product_mul_32s_32s_64_6:simple_vec_dot_product_mul_32s_32s_64_6_U1|simple_vec_dot_product_mul_32s_32s_64_6_MulnS_0:simple_vec_dot_product_mul_32s_32s_64_6_MulnS_0_U|lpm_mult:Mult0 ;
;     -- LPM_WIDTHA                     ; 32                                                                                                                                                                                                  ;
;     -- LPM_WIDTHB                     ; 32                                                                                                                                                                                                  ;
;     -- LPM_WIDTHP                     ; 64                                                                                                                                                                                                  ;
;     -- LPM_REPRESENTATION             ; SIGNED                                                                                                                                                                                              ;
;     -- INPUT_A_IS_CONSTANT            ; NO                                                                                                                                                                                                  ;
;     -- INPUT_B_IS_CONSTANT            ; NO                                                                                                                                                                                                  ;
;     -- USE_EAB                        ; OFF                                                                                                                                                                                                 ;
;     -- DEDICATED_MULTIPLIER_CIRCUITRY ; AUTO                                                                                                                                                                                                ;
;     -- INPUT_A_FIXED_VALUE            ; Bx                                                                                                                                                                                                  ;
;     -- INPUT_B_FIXED_VALUE            ; Bx                                                                                                                                                                                                  ;
+---------------------------------------+-----------------------------------------------------------------------------------------------------------------------------------------------------------------------------------------------------+


+----------------------------------------------------------------------------------------------------------------+
; Port Connectivity Checks: "simple_vec_dot_product_mul_32s_32s_64_6:simple_vec_dot_product_mul_32s_32s_64_6_U1" ;
+------+-------+----------+--------------------------------------------------------------------------------------+
; Port ; Type  ; Severity ; Details                                                                              ;
+------+-------+----------+--------------------------------------------------------------------------------------+
; ce   ; Input ; Info     ; Stuck at VCC                                                                         ;
+------+-------+----------+--------------------------------------------------------------------------------------+


+-----------------------------------------------------+
; Post-Synthesis Netlist Statistics for Top Partition ;
+-----------------------+-----------------------------+
; Type                  ; Count                       ;
+-----------------------+-----------------------------+
; boundary_port         ; 112                         ;
; cycloneiii_ff         ; 214                         ;
;     ENA               ; 73                          ;
;     plain             ; 141                         ;
; cycloneiii_lcell_comb ; 176                         ;
;     arith             ; 92                          ;
;         2 data inputs ; 28                          ;
;         3 data inputs ; 64                          ;
;     normal            ; 84                          ;
;         0 data inputs ; 2                           ;
;         1 data inputs ; 3                           ;
;         2 data inputs ; 14                          ;
;         3 data inputs ; 36                          ;
;         4 data inputs ; 29                          ;
; cycloneiii_mac_mult   ; 4                           ;
; cycloneiii_mac_out    ; 4                           ;
; cycloneiii_ram_block  ; 64                          ;
;                       ;                             ;
; Max LUT depth         ; 6.50                        ;
; Average LUT depth     ; 2.44                        ;
+-----------------------+-----------------------------+


+-------------------------------+
; Elapsed Time Per Partition    ;
+----------------+--------------+
; Partition Name ; Elapsed Time ;
+----------------+--------------+
; Top            ; 00:00:03     ;
+----------------+--------------+


+-------------------------------+
; Analysis & Synthesis Messages ;
+-------------------------------+
Info: *******************************************************************
Info: Running Quartus Prime Analysis & Synthesis
    Info: Version 17.1.0 Build 590 10/25/2017 SJ Lite Edition
    Info: Processing started: Mon Feb 19 16:52:36 2018
Info: Command: quartus_map --read_settings_files=on --write_settings_files=off simple_vec_dot_product -c simple_vec_dot_product
Warning (18236): Number of processors has not been specified which may cause overloading on shared machines.  Set the global assignment NUM_PARALLEL_PROCESSORS in your QSF to an appropriate value for best performance.
Info (20030): Parallel compilation is enabled and will use 2 of the 2 processors detected
Warning (10335): Unrecognized synthesis attribute "CORE_GENERATION_INFO" at simple_vec_dot_product.vhd(36) File: /home/vipinsoni/Desktop/MTP2/my_vivado_folder/quartus_simple_vec_dot_product/simple_vec_dot_product.vhd Line: 36
Info (12021): Found 2 design units, including 1 entities, in source file simple_vec_dot_product.vhd
    Info (12022): Found design unit 1: simple_vec_dot_product-behav File: /home/vipinsoni/Desktop/MTP2/my_vivado_folder/quartus_simple_vec_dot_product/simple_vec_dot_product.vhd Line: 33
    Info (12023): Found entity 1: simple_vec_dot_product File: /home/vipinsoni/Desktop/MTP2/my_vivado_folder/quartus_simple_vec_dot_product/simple_vec_dot_product.vhd Line: 12
Info (12021): Found 4 design units, including 2 entities, in source file simple_vec_dot_product_mul32s_32s_64_6.vhd
    Info (12022): Found design unit 1: simple_vec_dot_product_mul_32s_32s_64_6_MulnS_0-behav File: /home/vipinsoni/Desktop/MTP2/my_vivado_folder/quartus_simple_vec_dot_product/simple_vec_dot_product_mul32s_32s_64_6.vhd Line: 21
    Info (12022): Found design unit 2: simple_vec_dot_product_mul_32s_32s_64_6-arch File: /home/vipinsoni/Desktop/MTP2/my_vivado_folder/quartus_simple_vec_dot_product/simple_vec_dot_product_mul32s_32s_64_6.vhd Line: 79
    Info (12023): Found entity 1: simple_vec_dot_product_mul_32s_32s_64_6_MulnS_0 File: /home/vipinsoni/Desktop/MTP2/my_vivado_folder/quartus_simple_vec_dot_product/simple_vec_dot_product_mul32s_32s_64_6.vhd Line: 12
    Info (12023): Found entity 2: simple_vec_dot_product_mul_32s_32s_64_6 File: /home/vipinsoni/Desktop/MTP2/my_vivado_folder/quartus_simple_vec_dot_product/simple_vec_dot_product_mul32s_32s_64_6.vhd Line: 63
Info (12127): Elaborating entity "simple_vec_dot_product" for the top level hierarchy
Warning (10036): Verilog HDL or VHDL warning at simple_vec_dot_product.vhd(77): object "ap_sig_cseq_ST_st3_fsm_2" assigned a value but never read File: /home/vipinsoni/Desktop/MTP2/my_vivado_folder/quartus_simple_vec_dot_product/simple_vec_dot_product.vhd Line: 77
Info (12128): Elaborating entity "simple_vec_dot_product_mul_32s_32s_64_6" for hierarchy "simple_vec_dot_product_mul_32s_32s_64_6:simple_vec_dot_product_mul_32s_32s_64_6_U1" File: /home/vipinsoni/Desktop/MTP2/my_vivado_folder/quartus_simple_vec_dot_product/simple_vec_dot_product.vhd Line: 114
Info (12128): Elaborating entity "simple_vec_dot_product_mul_32s_32s_64_6_MulnS_0" for hierarchy "simple_vec_dot_product_mul_32s_32s_64_6:simple_vec_dot_product_mul_32s_32s_64_6_U1|simple_vec_dot_product_mul_32s_32s_64_6_MulnS_0:simple_vec_dot_product_mul_32s_32s_64_6_MulnS_0_U" File: /home/vipinsoni/Desktop/MTP2/my_vivado_folder/quartus_simple_vec_dot_product/simple_vec_dot_product_mul32s_32s_64_6.vhd Line: 92
Info (19000): Inferred 1 megafunctions from design logic
    Info (276034): Inferred altshift_taps megafunction from the following design logic: "simple_vec_dot_product_mul_32s_32s_64_6:simple_vec_dot_product_mul_32s_32s_64_6_U1|simple_vec_dot_product_mul_32s_32s_64_6_MulnS_0:simple_vec_dot_product_mul_32s_32s_64_6_MulnS_0_U|buff1_rtl_0"
        Info (286033): Parameter NUMBER_OF_TAPS set to 1
        Info (286033): Parameter TAP_DISTANCE set to 3
        Info (286033): Parameter WIDTH set to 64
Info (278001): Inferred 1 megafunctions from design logic
    Info (278003): Inferred multiplier megafunction ("lpm_mult") from the following logic: "simple_vec_dot_product_mul_32s_32s_64_6:simple_vec_dot_product_mul_32s_32s_64_6_U1|simple_vec_dot_product_mul_32s_32s_64_6_MulnS_0:simple_vec_dot_product_mul_32s_32s_64_6_MulnS_0_U|Mult0" File: /home/vipinsoni/Desktop/MTP2/my_vivado_folder/quartus_simple_vec_dot_product/simple_vec_dot_product_mul32s_32s_64_6.vhd Line: 43
Info (12130): Elaborated megafunction instantiation "simple_vec_dot_product_mul_32s_32s_64_6:simple_vec_dot_product_mul_32s_32s_64_6_U1|simple_vec_dot_product_mul_32s_32s_64_6_MulnS_0:simple_vec_dot_product_mul_32s_32s_64_6_MulnS_0_U|altshift_taps:buff1_rtl_0"
Info (12133): Instantiated megafunction "simple_vec_dot_product_mul_32s_32s_64_6:simple_vec_dot_product_mul_32s_32s_64_6_U1|simple_vec_dot_product_mul_32s_32s_64_6_MulnS_0:simple_vec_dot_product_mul_32s_32s_64_6_MulnS_0_U|altshift_taps:buff1_rtl_0" with the following parameter:
    Info (12134): Parameter "NUMBER_OF_TAPS" = "1"
    Info (12134): Parameter "TAP_DISTANCE" = "3"
    Info (12134): Parameter "WIDTH" = "64"
Info (12021): Found 1 design units, including 1 entities, in source file db/shift_taps_f6m.tdf
    Info (12023): Found entity 1: shift_taps_f6m File: /home/vipinsoni/Desktop/MTP2/my_vivado_folder/quartus_simple_vec_dot_product/db/shift_taps_f6m.tdf Line: 28
Info (12021): Found 1 design units, including 1 entities, in source file db/altsyncram_9l31.tdf
    Info (12023): Found entity 1: altsyncram_9l31 File: /home/vipinsoni/Desktop/MTP2/my_vivado_folder/quartus_simple_vec_dot_product/db/altsyncram_9l31.tdf Line: 27
Info (12021): Found 1 design units, including 1 entities, in source file db/add_sub_24e.tdf
    Info (12023): Found entity 1: add_sub_24e File: /home/vipinsoni/Desktop/MTP2/my_vivado_folder/quartus_simple_vec_dot_product/db/add_sub_24e.tdf Line: 22
Info (12021): Found 1 design units, including 1 entities, in source file db/cntr_6pf.tdf
    Info (12023): Found entity 1: cntr_6pf File: /home/vipinsoni/Desktop/MTP2/my_vivado_folder/quartus_simple_vec_dot_product/db/cntr_6pf.tdf Line: 24
Info (12021): Found 1 design units, including 1 entities, in source file db/cmpr_ogc.tdf
    Info (12023): Found entity 1: cmpr_ogc File: /home/vipinsoni/Desktop/MTP2/my_vivado_folder/quartus_simple_vec_dot_product/db/cmpr_ogc.tdf Line: 22
Info (12130): Elaborated megafunction instantiation "simple_vec_dot_product_mul_32s_32s_64_6:simple_vec_dot_product_mul_32s_32s_64_6_U1|simple_vec_dot_product_mul_32s_32s_64_6_MulnS_0:simple_vec_dot_product_mul_32s_32s_64_6_MulnS_0_U|lpm_mult:Mult0" File: /home/vipinsoni/Desktop/MTP2/my_vivado_folder/quartus_simple_vec_dot_product/simple_vec_dot_product_mul32s_32s_64_6.vhd Line: 43
Info (12133): Instantiated megafunction "simple_vec_dot_product_mul_32s_32s_64_6:simple_vec_dot_product_mul_32s_32s_64_6_U1|simple_vec_dot_product_mul_32s_32s_64_6_MulnS_0:simple_vec_dot_product_mul_32s_32s_64_6_MulnS_0_U|lpm_mult:Mult0" with the following parameter: File: /home/vipinsoni/Desktop/MTP2/my_vivado_folder/quartus_simple_vec_dot_product/simple_vec_dot_product_mul32s_32s_64_6.vhd Line: 43
    Info (12134): Parameter "LPM_WIDTHA" = "32"
    Info (12134): Parameter "LPM_WIDTHB" = "32"
    Info (12134): Parameter "LPM_WIDTHP" = "64"
    Info (12134): Parameter "LPM_WIDTHR" = "64"
    Info (12134): Parameter "LPM_WIDTHS" = "1"
    Info (12134): Parameter "LPM_REPRESENTATION" = "SIGNED"
    Info (12134): Parameter "INPUT_A_IS_CONSTANT" = "NO"
    Info (12134): Parameter "INPUT_B_IS_CONSTANT" = "NO"
    Info (12134): Parameter "MAXIMIZE_SPEED" = "5"
Info (12021): Found 1 design units, including 1 entities, in source file db/mult_46t.tdf
    Info (12023): Found entity 1: mult_46t File: /home/vipinsoni/Desktop/MTP2/my_vivado_folder/quartus_simple_vec_dot_product/db/mult_46t.tdf Line: 30
Info (13014): Ignored 202 buffer(s)
    Info (13019): Ignored 202 SOFT buffer(s)
Info (286030): Timing-Driven Synthesis is running
Info (16010): Generating hard_block partition "hard_block:auto_generated_inst"
    Info (16011): Adding 0 node(s), including 0 DDIO, 0 PLL, 0 transceiver and 0 LCELL
Info (21057): Implemented 509 device resources after synthesis - the final resource count might be different
    Info (21058): Implemented 67 input pins
    Info (21059): Implemented 45 output pins
    Info (21061): Implemented 325 logic cells
    Info (21064): Implemented 64 RAM segments
    Info (21062): Implemented 8 DSP elements
Info: Quartus Prime Analysis & Synthesis was successful. 0 errors, 3 warnings
    Info: Peak virtual memory: 1022 megabytes
    Info: Processing ended: Mon Feb 19 16:52:58 2018
    Info: Elapsed time: 00:00:22
    Info: Total CPU time (on all processors): 00:00:40


