18
28
40
45
result are good 
Reading pref.tcl

# 10.3c

# do cosim.modelsim.scr
# 
#     set fl [open ".exit.err" w]
#     puts $fl "Elaboration errors in executing modelsim simulator"
#     close $fl
#     quit
# 
# /clibs
# lin64
# 1
# /clibs/questa/10.3c/lin64/lib
WARNING: There is no IP libs for this version of ModelSim. If you may use cosim with IP, please make sure the IP libs have been pre-compiled.
# Model Technology ModelSim LE vmap 10.3c Lib Mapping Utility 2014.09 Sep 20 2014
# vmap -modelsim_quiet work work 
# Copying /opt/quartus/modelsim_ase/modelsim_ase/linuxaloem/../modelsim.ini to modelsim.ini
# Modifying modelsim.ini
# ** Warning: Copied /opt/quartus/modelsim_ase/modelsim_ase/linuxaloem/../modelsim.ini to modelsim.ini.
#          Updated modelsim.ini.
# Model Technology ModelSim ALTERA vcom 10.3c Compiler 2014.09 Sep 20 2014
# Start time: 11:19:10 on Feb 19,2018
# vcom -work work AESL_sim_pkg.vhd 
# -- Loading package STANDARD
# -- Loading package TEXTIO
# -- Loading package std_logic_1164
# -- Loading package std_logic_arith
# -- Loading package NUMERIC_STD
# -- Compiling package AESL_sim_components
# -- Compiling package body AESL_sim_components
# -- Loading package AESL_sim_components
# End time: 11:19:10 on Feb 19,2018, Elapsed time: 0:00:00
# Errors: 0, Warnings: 0
# Model Technology ModelSim ALTERA vcom 10.3c Compiler 2014.09 Sep 20 2014
# Start time: 11:19:10 on Feb 19,2018
# vcom -work work AESL_automem_b.vhd 
# -- Loading package STANDARD
# -- Loading package TEXTIO
# -- Loading package std_logic_1164
# -- Loading package std_logic_arith
# -- Loading package STD_LOGIC_UNSIGNED
# -- Loading package NUMERIC_STD
# -- Loading package std_logic_textio
# -- Compiling entity AESL_automem_b
# -- Compiling architecture behav of AESL_automem_b
# ** Warning: AESL_automem_b.vhd(46): (vcom-1236) Shared variables must be of a protected type.
# End time: 11:19:10 on Feb 19,2018, Elapsed time: 0:00:00
# Errors: 0, Warnings: 1
# Model Technology ModelSim ALTERA vcom 10.3c Compiler 2014.09 Sep 20 2014
# Start time: 11:19:10 on Feb 19,2018
# vcom -work work simple_vec_dot_product_mul_32s_32s_64_6.vhd 
# -- Loading package STANDARD
# -- Loading package TEXTIO
# -- Loading package std_logic_1164
# -- Loading package NUMERIC_STD
# -- Compiling entity simple_vec_dot_product_mul_32s_32s_64_6_MulnS_0
# -- Compiling architecture behav of simple_vec_dot_product_mul_32s_32s_64_6_MulnS_0
# -- Compiling entity simple_vec_dot_product_mul_32s_32s_64_6
# -- Compiling architecture arch of simple_vec_dot_product_mul_32s_32s_64_6
# End time: 11:19:10 on Feb 19,2018, Elapsed time: 0:00:00
# Errors: 0, Warnings: 0
# Model Technology ModelSim ALTERA vcom 10.3c Compiler 2014.09 Sep 20 2014
# Start time: 11:19:10 on Feb 19,2018
# vcom -work work AESL_automem_a.vhd 
# -- Loading package STANDARD
# -- Loading package TEXTIO
# -- Loading package std_logic_1164
# -- Loading package std_logic_arith
# -- Loading package STD_LOGIC_UNSIGNED
# -- Loading package NUMERIC_STD
# -- Loading package std_logic_textio
# -- Compiling entity AESL_automem_a
# -- Compiling architecture behav of AESL_automem_a
# ** Warning: AESL_automem_a.vhd(46): (vcom-1236) Shared variables must be of a protected type.
# End time: 11:19:10 on Feb 19,2018, Elapsed time: 0:00:00
# Errors: 0, Warnings: 1
# Model Technology ModelSim ALTERA vcom 10.3c Compiler 2014.09 Sep 20 2014
# Start time: 11:19:10 on Feb 19,2018
# vcom -work work simple_vec_dot_product.autotb.vhd 
# -- Loading package STANDARD
# -- Loading package TEXTIO
# -- Loading package std_logic_1164
# -- Loading package std_logic_arith
# -- Loading package STD_LOGIC_UNSIGNED
# -- Loading package NUMERIC_STD
# -- Loading package std_logic_textio
# -- Compiling entity apatb_simple_vec_dot_product_top
# -- Compiling architecture behav of apatb_simple_vec_dot_product_top
# ** Warning: simple_vec_dot_product.autotb.vhd(87): (vcom-1236) Shared variables must be of a protected type.
# ** Warning: simple_vec_dot_product.autotb.vhd(88): (vcom-1236) Shared variables must be of a protected type.
# ** Warning: simple_vec_dot_product.autotb.vhd(89): (vcom-1236) Shared variables must be of a protected type.
# ** Warning: simple_vec_dot_product.autotb.vhd(90): (vcom-1236) Shared variables must be of a protected type.
# ** Warning: simple_vec_dot_product.autotb.vhd(91): (vcom-1236) Shared variables must be of a protected type.
# ** Warning: simple_vec_dot_product.autotb.vhd(93): (vcom-1236) Shared variables must be of a protected type.
# End time: 11:19:10 on Feb 19,2018, Elapsed time: 0:00:00
# Errors: 0, Warnings: 6
# Model Technology ModelSim ALTERA vcom 10.3c Compiler 2014.09 Sep 20 2014
# Start time: 11:19:10 on Feb 19,2018
# vcom -work work simple_vec_dot_product.vhd 
# -- Loading package STANDARD
# -- Loading package TEXTIO
# -- Loading package std_logic_1164
# -- Loading package NUMERIC_STD
# -- Compiling entity simple_vec_dot_product
# -- Compiling architecture behav of simple_vec_dot_product
# End time: 11:19:10 on Feb 19,2018, Elapsed time: 0:00:00
# Errors: 0, Warnings: 0
# Model Technology ModelSim ALTERA vcom 10.3c Compiler 2014.09 Sep 20 2014
# Start time: 11:19:10 on Feb 19,2018
# vcom -work work AESL_automem_out_r.vhd 
# -- Loading package STANDARD
# -- Loading package TEXTIO
# -- Loading package std_logic_1164
# -- Loading package std_logic_arith
# -- Loading package STD_LOGIC_UNSIGNED
# -- Loading package NUMERIC_STD
# -- Loading package std_logic_textio
# -- Compiling entity AESL_automem_out_r
# -- Compiling architecture behav of AESL_automem_out_r
# ** Warning: AESL_automem_out_r.vhd(46): (vcom-1236) Shared variables must be of a protected type.
# End time: 11:19:10 on Feb 19,2018, Elapsed time: 0:00:00
# Errors: 0, Warnings: 1
# vsim -c -do "cosim.modelsim.scr" 
# Start time: 11:19:10 on Feb 19,2018
# Loading std.standard
# Loading std.textio(body)
# Loading ieee.std_logic_1164(body)
# Loading ieee.std_logic_arith(body)
# Loading ieee.std_logic_unsigned(body)
# Loading ieee.numeric_std(body)
# Loading ieee.std_logic_textio(body)
# Loading work.apatb_simple_vec_dot_product_top(behav)
# Loading work.simple_vec_dot_product(behav)
# Loading work.simple_vec_dot_product_mul_32s_32s_64_6(arch)
# Loading work.simple_vec_dot_product_mul_32s_32s_64_6_mulns_0(behav)
# Loading work.aesl_automem_a(behav)
# Loading work.aesl_automem_b(behav)
# Loading work.aesl_automem_out_r(behav)
# 1
# 1
# ** Note: simulation done!
#    Time: 515 ns  Iteration: 1  Instance: /apatb_simple_vec_dot_product_top
# ** Failure: NORMAL EXIT (note: failure is to force the simulator to stop)
#    Time: 515 ns  Iteration: 1  Process: /apatb_simple_vec_dot_product_top/generate_sim_done_proc File: simple_vec_dot_product.autotb.vhd
# Break in Process generate_sim_done_proc at simple_vec_dot_product.autotb.vhd line 682
# End time: 11:19:11 on Feb 19,2018, Elapsed time: 0:00:01
# Errors: 0, Warnings: 0
18
28
40
45
result are good 
